<?xml version="1.0" encoding="UTF-8"?>
<!-- Generated by org.testng.reporters.JUnitXMLReporter -->
<testsuite ignored="0" hostname="JohnJose-FVFJ6DNG1WFV" failures="1" tests="1" name="Default test-10" time="59.3" errors="0" timestamp="2023-06-07T18:52:23 IST">
  <testcase classname="assignment3.automatetestng" name="main" time="59.174">
    <failure type="org.openqa.selenium.ElementClickInterceptedException" message="element click intercepted: Element &amp;lt;input type=&amp;quot;submit&amp;quot; name=&amp;quot;commit&amp;quot; value=&amp;quot;Sign me in&amp;quot; id=&amp;quot;user_submit&amp;quot; class=&amp;quot;btn btn-primary col-center users-sessions-new&amp;quot; data-disable-with=&amp;quot;Signing in...&amp;quot;&amp;gt; is not clickable at point (180, 463). Other element would receive the click: &amp;lt;p class=&amp;quot;cookie-notification__text&amp;quot;&amp;gt;...&amp;lt;/p&amp;gt;
  (Session info: chrome=102.0.5005.125)
Build info: version: &amp;apos;4.9.1&amp;apos;, revision: &amp;apos;eb2032df7f&amp;apos;
System info: os.name: &amp;apos;Mac OS X&amp;apos;, os.arch: &amp;apos;aarch64&amp;apos;, os.version: &amp;apos;12.5&amp;apos;, java.version: &amp;apos;17.0.5&amp;apos;
Driver info: org.openqa.selenium.chrome.ChromeDriver
Command: [ac6b03e80d9e3cd11f6ac1063813222c66a3efe6, clickElement {id=ce2de6da-f702-44b0-89ce-253d407cd8b4}]
Capabilities {appActivity: .SBrowserMainActivity, appPackage: com.sec.android.app.sbrowser, chromedriverPort: 18080, databaseEnabled: false, desired: {appActivity: .SBrowserMainActivity, appPackage: com.sec.android.app.sbrowser, chromedriverPort: 18080, goog:chromeOptions: {androidDeviceSocket: Terrace_devtools_remote, androidExecName: Terrace, args: [--remote-allow-origins=*]}, newCommandTimeout: 0, noReset: true, platformName: Android, skipServerInstallation: true, systemPort: 8200, udid: 5200e2b0bc5e55e5}, deviceApiLevel: 25, deviceManufacturer: samsung, deviceModel: SM-A530F, deviceName: 5200e2b0bc5e55e5, deviceScreenDensity: 480, deviceScreenSize: 1080x2220, deviceUDID: 5200e2b0bc5e55e5, goog:chromeOptions: {androidDeviceSocket: Terrace_devtools_remote, androidExecName: Terrace, args: [--remote-allow-origins=*]}, javascriptEnabled: true, locationContextEnabled: false, networkConnectionEnabled: true, newCommandTimeout: 0, noReset: true, pixelRatio: 3, platform: LINUX, platformName: ANDROID, platformVersion: 7.1.1, skipServerInstallation: true, statBarHeight: 72, systemPort: 8200, takesScreenshot: true, udid: 5200e2b0bc5e55e5, viewportRect: {height: 2004, left: 0, top: 72, width: 1080}, warnings: {}, webStorageEnabled: false}
Element: [[ChromeDriver:  on ANDROID (ac6b03e80d9e3cd11f6ac1063813222c66a3efe6)] -&amp;gt; name: commit]
Session ID: ac6b03e80d9e3cd11f6ac1063813222c66a3efe6">
      <![CDATA[org.openqa.selenium.ElementClickInterceptedException: element click intercepted: Element <input type="submit" name="commit" value="Sign me in" id="user_submit" class="btn btn-primary col-center users-sessions-new" data-disable-with="Signing in..."> is not clickable at point (180, 463). Other element would receive the click: <p class="cookie-notification__text">...</p>
  (Session info: chrome=102.0.5005.125)
Build info: version: '4.9.1', revision: 'eb2032df7f'
System info: os.name: 'Mac OS X', os.arch: 'aarch64', os.version: '12.5', java.version: '17.0.5'
Driver info: org.openqa.selenium.chrome.ChromeDriver
Command: [ac6b03e80d9e3cd11f6ac1063813222c66a3efe6, clickElement {id=ce2de6da-f702-44b0-89ce-253d407cd8b4}]
Capabilities {appActivity: .SBrowserMainActivity, appPackage: com.sec.android.app.sbrowser, chromedriverPort: 18080, databaseEnabled: false, desired: {appActivity: .SBrowserMainActivity, appPackage: com.sec.android.app.sbrowser, chromedriverPort: 18080, goog:chromeOptions: {androidDeviceSocket: Terrace_devtools_remote, androidExecName: Terrace, args: [--remote-allow-origins=*]}, newCommandTimeout: 0, noReset: true, platformName: Android, skipServerInstallation: true, systemPort: 8200, udid: 5200e2b0bc5e55e5}, deviceApiLevel: 25, deviceManufacturer: samsung, deviceModel: SM-A530F, deviceName: 5200e2b0bc5e55e5, deviceScreenDensity: 480, deviceScreenSize: 1080x2220, deviceUDID: 5200e2b0bc5e55e5, goog:chromeOptions: {androidDeviceSocket: Terrace_devtools_remote, androidExecName: Terrace, args: [--remote-allow-origins=*]}, javascriptEnabled: true, locationContextEnabled: false, networkConnectionEnabled: true, newCommandTimeout: 0, noReset: true, pixelRatio: 3, platform: LINUX, platformName: ANDROID, platformVersion: 7.1.1, skipServerInstallation: true, statBarHeight: 72, systemPort: 8200, takesScreenshot: true, udid: 5200e2b0bc5e55e5, viewportRect: {height: 2004, left: 0, top: 72, width: 1080}, warnings: {}, webStorageEnabled: false}
Element: [[ChromeDriver:  on ANDROID (ac6b03e80d9e3cd11f6ac1063813222c66a3efe6)] -> name: commit]
Session ID: ac6b03e80d9e3cd11f6ac1063813222c66a3efe6
at java.base/jdk.internal.reflect.NativeConstructorAccessorImpl.newInstance0(Native Method)
at java.base/jdk.internal.reflect.NativeConstructorAccessorImpl.newInstance(NativeConstructorAccessorImpl.java:77)
at java.base/jdk.internal.reflect.DelegatingConstructorAccessorImpl.newInstance(DelegatingConstructorAccessorImpl.java:45)
at java.base/java.lang.reflect.Constructor.newInstanceWithCaller(Constructor.java:499)
at java.base/java.lang.reflect.Constructor.newInstance(Constructor.java:480)
at org.openqa.selenium.remote.codec.w3c.W3CHttpResponseCodec.createException(W3CHttpResponseCodec.java:200)
at org.openqa.selenium.remote.codec.w3c.W3CHttpResponseCodec.decode(W3CHttpResponseCodec.java:133)
at org.openqa.selenium.remote.codec.w3c.W3CHttpResponseCodec.decode(W3CHttpResponseCodec.java:53)
at org.openqa.selenium.remote.HttpCommandExecutor.execute(HttpCommandExecutor.java:193)
at org.openqa.selenium.remote.RemoteWebDriver.execute(RemoteWebDriver.java:543)
at org.openqa.selenium.remote.RemoteWebElement.execute(RemoteWebElement.java:257)
at org.openqa.selenium.remote.RemoteWebElement.click(RemoteWebElement.java:78)
at assignment3.automatetestng.main(automatetestng.java:38)
at java.base/jdk.internal.reflect.NativeMethodAccessorImpl.invoke0(Native Method)
at java.base/jdk.internal.reflect.NativeMethodAccessorImpl.invoke(NativeMethodAccessorImpl.java:77)
at java.base/jdk.internal.reflect.DelegatingMethodAccessorImpl.invoke(DelegatingMethodAccessorImpl.java:43)
at java.base/java.lang.reflect.Method.invoke(Method.java:568)
at org.testng.internal.MethodInvocationHelper.invokeMethod(MethodInvocationHelper.java:133)
at org.testng.internal.TestInvoker.invokeMethod(TestInvoker.java:598)
at org.testng.internal.TestInvoker.invokeTestMethod(TestInvoker.java:173)
at org.testng.internal.MethodRunner.runInSequence(MethodRunner.java:46)
at org.testng.internal.TestInvoker$MethodInvocationAgent.invoke(TestInvoker.java:824)
at org.testng.internal.TestInvoker.invokeTestMethods(TestInvoker.java:146)
at org.testng.internal.TestMethodWorker.invokeTestMethods(TestMethodWorker.java:146)
at org.testng.internal.TestMethodWorker.run(TestMethodWorker.java:128)
at java.base/java.util.ArrayList.forEach(ArrayList.java:1511)
at org.testng.TestRunner.privateRun(TestRunner.java:794)
at org.testng.TestRunner.run(TestRunner.java:596)
at org.testng.SuiteRunner.runTest(SuiteRunner.java:377)
at org.testng.SuiteRunner.access$000(SuiteRunner.java:28)
at org.testng.SuiteRunner$SuiteWorker.run(SuiteRunner.java:418)
at org.testng.internal.thread.ThreadUtil.lambda$execute$0(ThreadUtil.java:64)
at java.base/java.util.concurrent.FutureTask.run(FutureTask.java:264)
at java.base/java.util.concurrent.ThreadPoolExecutor.runWorker(ThreadPoolExecutor.java:1136)
at java.base/java.util.concurrent.ThreadPoolExecutor$Worker.run(ThreadPoolExecutor.java:635)
at java.base/java.lang.Thread.run(Thread.java:833)
]]>
    </failure>
  </testcase> <!-- main -->
</testsuite> <!-- Default test-10 -->
