<?xml version="1.0" encoding="UTF-8"?>
<!-- Generated by org.testng.reporters.JUnitXMLReporter -->
<testsuite ignored="0" hostname="JohnJose-FVFJ6DNG1WFV" failures="1" tests="1" name="Default test-7" time="15.618" errors="0" timestamp="2023-06-07T18:51:39 IST">
  <testcase classname="assignment3.automatetestng" name="main" time="15.508">
    <failure type="org.openqa.selenium.NoSuchElementException" message="Cannot find element(s) with css selector
For documentation on this error, please visit: http://seleniumhq.org/exceptions/no_such_element.html
Build info: version: &amp;apos;2.43.1&amp;apos;, revision: &amp;apos;5163bce&amp;apos;, time: &amp;apos;2014-09-10 16:27:33&amp;apos;
System info: host: &amp;apos;mac-193-186-253-21.browserstack.com&amp;apos;, ip: &amp;apos;193.186.253.21&amp;apos;, os.name: &amp;apos;Mac OS X&amp;apos;, os.arch: &amp;apos;x86_64&amp;apos;, os.version: &amp;apos;10.13.6&amp;apos;, java.version: &amp;apos;1.8.0_181&amp;apos;
Driver info: driver.version: EventFiringWebDriver
For documentation on this error, please visit: https://selenium.dev/exceptions/#no_such_element
Build info: version: &amp;apos;4.9.1&amp;apos;, revision: &amp;apos;eb2032df7f&amp;apos;
System info: os.name: &amp;apos;Mac OS X&amp;apos;, os.arch: &amp;apos;aarch64&amp;apos;, os.version: &amp;apos;12.5&amp;apos;, java.version: &amp;apos;17.0.5&amp;apos;
Driver info: org.openqa.selenium.chrome.ChromeDriver
Command: [73a1e2b96eda909acaf4de3cdf0be587377757ab, findElement {using=id, value=user_email_login}]
Capabilities {64bit: false, acceptSslCert: true, acceptSslCerts: true, browser: opera, browserName: opera, browser_name: Opera, browser_version: 12.15, browserstack.appium_version: , browserstack.buildIdentifier: 24, browserstack.consoleLogs: info, browserstack.hostName: JohnJose-FVFJ6DNG1WFV, browserstack.is_hub_canary: false, browserstack.useChromeDriver: true, bstack:options: {browser: Opera, browserName: Opera, browserVersion: 12.15, browserstackSDK: testng-javaagent/1.6.0, buildIdentifier: 24, buildName: JohnAutomateTestng 24, consoleLogs: info, hostName: JohnJose-FVFJ6DNG1WFV, networkLogs: true, os: OS X, osVersion: High Sierra, projectName: JohnAutomateAssignment, source: testng:sdk-archetype-integr..., useW3C: true}, buildName: JohnAutomateTestng 24, cssSelectorsEnabled: true, detected_language: selenium/4.9.1 (java mac), javascriptEnabled: true, new_bucketing: true, opera.arguments: {debugproxy: 127.0.0.1:24930, pd: /var/folders/yj/h3bj394n2tn...}, opera.autostart: true, opera.backend: software, opera.binary: /Applications/opera 12.15.a..., opera.detach: false, opera.host: 127.0.0.1, opera.idle: false, opera.launcher: /Users/test1/.launcher/laun..., opera.logging.level: INFO, opera.no_quit: false, opera.no_restart: false, opera.port: 24930, opera.product: Opera Desktop, opera.runner: com.opera.core.systems.runn..., orig_os: machs, os: OS X, osVersion: High Sierra, os_version: High Sierra, platform: MAC, platformName: any, projectName: JohnAutomateAssignment, sessionId: 73a1e2b96eda909acaf4de3cdf0..., takesScreenshot: true, version: 12.15, webdriver.remote.sessionid: 73a1e2b96eda909acaf4de3cdf0...}
Session ID: 73a1e2b96eda909acaf4de3cdf0be587377757ab">
      <![CDATA[org.openqa.selenium.NoSuchElementException: Cannot find element(s) with css selector
For documentation on this error, please visit: http://seleniumhq.org/exceptions/no_such_element.html
Build info: version: '2.43.1', revision: '5163bce', time: '2014-09-10 16:27:33'
System info: host: 'mac-193-186-253-21.browserstack.com', ip: '193.186.253.21', os.name: 'Mac OS X', os.arch: 'x86_64', os.version: '10.13.6', java.version: '1.8.0_181'
Driver info: driver.version: EventFiringWebDriver
For documentation on this error, please visit: https://selenium.dev/exceptions/#no_such_element
Build info: version: '4.9.1', revision: 'eb2032df7f'
System info: os.name: 'Mac OS X', os.arch: 'aarch64', os.version: '12.5', java.version: '17.0.5'
Driver info: org.openqa.selenium.chrome.ChromeDriver
Command: [73a1e2b96eda909acaf4de3cdf0be587377757ab, findElement {using=id, value=user_email_login}]
Capabilities {64bit: false, acceptSslCert: true, acceptSslCerts: true, browser: opera, browserName: opera, browser_name: Opera, browser_version: 12.15, browserstack.appium_version: , browserstack.buildIdentifier: 24, browserstack.consoleLogs: info, browserstack.hostName: JohnJose-FVFJ6DNG1WFV, browserstack.is_hub_canary: false, browserstack.useChromeDriver: true, bstack:options: {browser: Opera, browserName: Opera, browserVersion: 12.15, browserstackSDK: testng-javaagent/1.6.0, buildIdentifier: 24, buildName: JohnAutomateTestng 24, consoleLogs: info, hostName: JohnJose-FVFJ6DNG1WFV, networkLogs: true, os: OS X, osVersion: High Sierra, projectName: JohnAutomateAssignment, source: testng:sdk-archetype-integr..., useW3C: true}, buildName: JohnAutomateTestng 24, cssSelectorsEnabled: true, detected_language: selenium/4.9.1 (java mac), javascriptEnabled: true, new_bucketing: true, opera.arguments: {debugproxy: 127.0.0.1:24930, pd: /var/folders/yj/h3bj394n2tn...}, opera.autostart: true, opera.backend: software, opera.binary: /Applications/opera 12.15.a..., opera.detach: false, opera.host: 127.0.0.1, opera.idle: false, opera.launcher: /Users/test1/.launcher/laun..., opera.logging.level: INFO, opera.no_quit: false, opera.no_restart: false, opera.port: 24930, opera.product: Opera Desktop, opera.runner: com.opera.core.systems.runn..., orig_os: machs, os: OS X, osVersion: High Sierra, os_version: High Sierra, platform: MAC, platformName: any, projectName: JohnAutomateAssignment, sessionId: 73a1e2b96eda909acaf4de3cdf0..., takesScreenshot: true, version: 12.15, webdriver.remote.sessionid: 73a1e2b96eda909acaf4de3cdf0...}
Session ID: 73a1e2b96eda909acaf4de3cdf0be587377757ab
at java.base/jdk.internal.reflect.NativeConstructorAccessorImpl.newInstance0(Native Method)
at java.base/jdk.internal.reflect.NativeConstructorAccessorImpl.newInstance(NativeConstructorAccessorImpl.java:77)
at java.base/jdk.internal.reflect.DelegatingConstructorAccessorImpl.newInstance(DelegatingConstructorAccessorImpl.java:45)
at java.base/java.lang.reflect.Constructor.newInstanceWithCaller(Constructor.java:499)
at java.base/java.lang.reflect.Constructor.newInstance(Constructor.java:480)
at org.openqa.selenium.remote.codec.w3c.W3CHttpResponseCodec.createException(W3CHttpResponseCodec.java:200)
at org.openqa.selenium.remote.codec.w3c.W3CHttpResponseCodec.decode(W3CHttpResponseCodec.java:133)
at org.openqa.selenium.remote.codec.w3c.W3CHttpResponseCodec.decode(W3CHttpResponseCodec.java:53)
at org.openqa.selenium.remote.HttpCommandExecutor.execute(HttpCommandExecutor.java:193)
at org.openqa.selenium.remote.RemoteWebDriver.execute(RemoteWebDriver.java:543)
at org.openqa.selenium.remote.ElementLocation$ElementFinder$2.findElement(ElementLocation.java:162)
at org.openqa.selenium.remote.ElementLocation.findElement(ElementLocation.java:66)
at org.openqa.selenium.remote.RemoteWebDriver.findElement(RemoteWebDriver.java:352)
at org.openqa.selenium.remote.RemoteWebDriver.findElement(RemoteWebDriver.java:344)
at assignment3.automatetestng.main(automatetestng.java:32)
at java.base/jdk.internal.reflect.NativeMethodAccessorImpl.invoke0(Native Method)
at java.base/jdk.internal.reflect.NativeMethodAccessorImpl.invoke(NativeMethodAccessorImpl.java:77)
at java.base/jdk.internal.reflect.DelegatingMethodAccessorImpl.invoke(DelegatingMethodAccessorImpl.java:43)
at java.base/java.lang.reflect.Method.invoke(Method.java:568)
at org.testng.internal.MethodInvocationHelper.invokeMethod(MethodInvocationHelper.java:133)
at org.testng.internal.TestInvoker.invokeMethod(TestInvoker.java:598)
at org.testng.internal.TestInvoker.invokeTestMethod(TestInvoker.java:173)
at org.testng.internal.MethodRunner.runInSequence(MethodRunner.java:46)
at org.testng.internal.TestInvoker$MethodInvocationAgent.invoke(TestInvoker.java:824)
at org.testng.internal.TestInvoker.invokeTestMethods(TestInvoker.java:146)
at org.testng.internal.TestMethodWorker.invokeTestMethods(TestMethodWorker.java:146)
at org.testng.internal.TestMethodWorker.run(TestMethodWorker.java:128)
at java.base/java.util.ArrayList.forEach(ArrayList.java:1511)
at org.testng.TestRunner.privateRun(TestRunner.java:794)
at org.testng.TestRunner.run(TestRunner.java:596)
at org.testng.SuiteRunner.runTest(SuiteRunner.java:377)
at org.testng.SuiteRunner.access$000(SuiteRunner.java:28)
at org.testng.SuiteRunner$SuiteWorker.run(SuiteRunner.java:418)
at org.testng.internal.thread.ThreadUtil.lambda$execute$0(ThreadUtil.java:64)
at java.base/java.util.concurrent.FutureTask.run(FutureTask.java:264)
at java.base/java.util.concurrent.ThreadPoolExecutor.runWorker(ThreadPoolExecutor.java:1136)
at java.base/java.util.concurrent.ThreadPoolExecutor$Worker.run(ThreadPoolExecutor.java:635)
at java.base/java.lang.Thread.run(Thread.java:833)
]]>
    </failure>
  </testcase> <!-- main -->
</testsuite> <!-- Default test-7 -->
