<!DOCTYPE html PUBLIC "-//W3C//DTD XHTML 1.1//EN" "https://www.w3.org/TR/xhtml11/DTD/xhtml11.dtd">
<html xmlns="https://www.w3.org/1999/xhtml">
<head>
<meta http-equiv="content-type" content="text/html; charset=UTF-8"/>
<title>TestNG Report</title>
<style type="text/css">table {margin-bottom:10px;border-collapse:collapse;empty-cells:show}th,td {border:1px solid #009;padding:.25em .5em}th {vertical-align:bottom}td {vertical-align:top}table a {font-weight:bold}.stripe td {background-color: #E6EBF9}.num {text-align:right}.passedodd td {background-color: #3F3}.passedeven td {background-color: #0A0}.skippedodd td {background-color: #DDD}.skippedeven td {background-color: #CCC}.failedodd td,.attn {background-color: #F33}.failedeven td,.stripe .attn {background-color: #D00}.stacktrace {white-space:pre;font-family:monospace}.totop {font-size:85%;text-align:center;border-bottom:2px solid #000}.invisible {display:none}</style>
</head>
<body>
<table>
<tr><th>Test</th><th># Passed</th><th># Skipped</th><th># Retried</th><th># Failed</th><th>Time (ms)</th><th>Included Groups</th><th>Excluded Groups</th></tr>
<tr><th colspan="8">Default suite</th></tr>
<tr><td><a href="#t0">Default test-6</a></td><td class="num">0</td><td class="num">0</td><td class="num">0</td><td class="num attn">1</td><td class="num">12,845</td><td></td><td></td></tr>
<tr class="stripe"><td><a href="#t1">Default test-7</a></td><td class="num">0</td><td class="num">0</td><td class="num">0</td><td class="num attn">1</td><td class="num">15,618</td><td></td><td></td></tr>
<tr><td><a href="#t2">Default test-11</a></td><td class="num">0</td><td class="num">0</td><td class="num">0</td><td class="num attn">1</td><td class="num">27,262</td><td></td><td></td></tr>
<tr class="stripe"><td><a href="#t3">Default test-9</a></td><td class="num">1</td><td class="num">0</td><td class="num">0</td><td class="num">0</td><td class="num">35,653</td><td></td><td></td></tr>
<tr><td><a href="#t4">Default test-0</a></td><td class="num">1</td><td class="num">0</td><td class="num">0</td><td class="num">0</td><td class="num">40,330</td><td></td><td></td></tr>
<tr class="stripe"><td><a href="#t5">Default test-1</a></td><td class="num">1</td><td class="num">0</td><td class="num">0</td><td class="num">0</td><td class="num">41,743</td><td></td><td></td></tr>
<tr><td><a href="#t6">Default test-8</a></td><td class="num">1</td><td class="num">0</td><td class="num">0</td><td class="num">0</td><td class="num">42,699</td><td></td><td></td></tr>
<tr class="stripe"><td><a href="#t7">Default test-2</a></td><td class="num">1</td><td class="num">0</td><td class="num">0</td><td class="num">0</td><td class="num">49,016</td><td></td><td></td></tr>
<tr><td><a href="#t8">Default test-5</a></td><td class="num">1</td><td class="num">0</td><td class="num">0</td><td class="num">0</td><td class="num">50,571</td><td></td><td></td></tr>
<tr class="stripe"><td><a href="#t9">Default test-4</a></td><td class="num">1</td><td class="num">0</td><td class="num">0</td><td class="num">0</td><td class="num">51,717</td><td></td><td></td></tr>
<tr><td><a href="#t10">Default test-3</a></td><td class="num">1</td><td class="num">0</td><td class="num">0</td><td class="num">0</td><td class="num">56,328</td><td></td><td></td></tr>
<tr class="stripe"><td><a href="#t11">Default test-10</a></td><td class="num">0</td><td class="num">0</td><td class="num">0</td><td class="num attn">1</td><td class="num">59,300</td><td></td><td></td></tr>
<tr><th>Total</th><th class="num">8</th><th class="num">0</th><th class="num">0</th><th class="num attn">4</th><th class="num">483,082</th><th colspan="2"></th></tr>
</table>
<table id='summary'><thead><tr><th>Class</th><th>Method</th><th>Start</th><th>Time (ms)</th></tr></thead><tbody><tr><th colspan="4">Default suite</th></tr></tbody><tbody id="t0"><tr><th colspan="4">Default test-6 &#8212; failed</th></tr><tr class="failedeven"><td rowspan="1">assignment3.automatetestng</td><td><a href="#m0">main</a></td><td rowspan="1">1686144083748</td><td rowspan="1">12698</td></tr></tbody>
<tbody id="t1"><tr><th colspan="4">Default test-7 &#8212; failed</th></tr><tr class="failedeven"><td rowspan="1">assignment3.automatetestng</td><td><a href="#m1">main</a></td><td rowspan="1">1686144083748</td><td rowspan="1">15508</td></tr></tbody>
<tbody id="t2"><tr><th colspan="4">Default test-11 &#8212; failed</th></tr><tr class="failedeven"><td rowspan="1">assignment3.automatetestng</td><td><a href="#m2">main</a></td><td rowspan="1">1686144083748</td><td rowspan="1">27121</td></tr></tbody>
<tbody id="t3"><tr><th colspan="4">Default test-9 &#8212; passed</th></tr><tr class="passedeven"><td rowspan="1">assignment3.automatetestng</td><td><a href="#m3">main</a></td><td rowspan="1">1686144083748</td><td rowspan="1">33216</td></tr></tbody>
<tbody id="t4"><tr><th colspan="4">Default test-0 &#8212; passed</th></tr><tr class="passedeven"><td rowspan="1">assignment3.automatetestng</td><td><a href="#m4">main</a></td><td rowspan="1">1686144083748</td><td rowspan="1">37199</td></tr></tbody>
<tbody id="t5"><tr><th colspan="4">Default test-1 &#8212; passed</th></tr><tr class="passedeven"><td rowspan="1">assignment3.automatetestng</td><td><a href="#m5">main</a></td><td rowspan="1">1686144083748</td><td rowspan="1">39097</td></tr></tbody>
<tbody id="t6"><tr><th colspan="4">Default test-8 &#8212; passed</th></tr><tr class="passedeven"><td rowspan="1">assignment3.automatetestng</td><td><a href="#m6">main</a></td><td rowspan="1">1686144083748</td><td rowspan="1">40215</td></tr></tbody>
<tbody id="t7"><tr><th colspan="4">Default test-2 &#8212; passed</th></tr><tr class="passedeven"><td rowspan="1">assignment3.automatetestng</td><td><a href="#m7">main</a></td><td rowspan="1">1686144083748</td><td rowspan="1">46550</td></tr></tbody>
<tbody id="t8"><tr><th colspan="4">Default test-5 &#8212; passed</th></tr><tr class="passedeven"><td rowspan="1">assignment3.automatetestng</td><td><a href="#m8">main</a></td><td rowspan="1">1686144083748</td><td rowspan="1">48157</td></tr></tbody>
<tbody id="t9"><tr><th colspan="4">Default test-4 &#8212; passed</th></tr><tr class="passedeven"><td rowspan="1">assignment3.automatetestng</td><td><a href="#m9">main</a></td><td rowspan="1">1686144083748</td><td rowspan="1">49291</td></tr></tbody>
<tbody id="t10"><tr><th colspan="4">Default test-3 &#8212; passed</th></tr><tr class="passedeven"><td rowspan="1">assignment3.automatetestng</td><td><a href="#m10">main</a></td><td rowspan="1">1686144083748</td><td rowspan="1">52719</td></tr></tbody>
<tbody id="t11"><tr><th colspan="4">Default test-10 &#8212; failed</th></tr><tr class="failedeven"><td rowspan="1">assignment3.automatetestng</td><td><a href="#m11">main</a></td><td rowspan="1">1686144083748</td><td rowspan="1">59174</td></tr></tbody>
</table>
<h2>Default test-6</h2><h3 id="m0">assignment3.automatetestng#main</h3><table class="result"><tr><th>Exception</th></tr><tr><td><div class="stacktrace">org.openqa.selenium.NoSuchElementException: Cannot find element(s) with css selector
For documentation on this error, please visit: http://seleniumhq.org/exceptions/no_such_element.html
Build info: version: &apos;2.43.1&apos;, revision: &apos;5163bce&apos;, time: &apos;2014-09-10 16:27:33&apos;
System info: host: &apos;mac-193-186-253-36.browserstack.com&apos;, ip: &apos;193.186.253.36&apos;, os.name: &apos;Mac OS X&apos;, os.arch: &apos;x86_64&apos;, os.version: &apos;10.14.6&apos;, java.version: &apos;1.8.0_181&apos;
Driver info: driver.version: EventFiringWebDriver
For documentation on this error, please visit: https://selenium.dev/exceptions/#no_such_element
Build info: version: &apos;4.9.1&apos;, revision: &apos;eb2032df7f&apos;
System info: os.name: &apos;Mac OS X&apos;, os.arch: &apos;aarch64&apos;, os.version: &apos;12.5&apos;, java.version: &apos;17.0.5&apos;
Driver info: org.openqa.selenium.chrome.ChromeDriver
Command: [39fad337adce68003c7b6a2e585e3550bdc2c2ea, findElement {using=id, value=user_email_login}]
Capabilities {64bit: false, acceptSslCert: true, acceptSslCerts: true, browser: opera, browserName: opera, browser_name: Opera, browser_version: 12.15, browserstack.appium_version: , browserstack.buildIdentifier: 24, browserstack.consoleLogs: info, browserstack.hostName: JohnJose-FVFJ6DNG1WFV, browserstack.is_hub_canary: false, browserstack.useChromeDriver: true, bstack:options: {browser: Opera, browserName: Opera, browserVersion: 12.15, browserstackSDK: testng-javaagent/1.6.0, buildIdentifier: 24, buildName: JohnAutomateTestng 24, consoleLogs: info, hostName: JohnJose-FVFJ6DNG1WFV, networkLogs: true, os: OS X, osVersion: Mojave, projectName: JohnAutomateAssignment, source: testng:sdk-archetype-integr..., useW3C: true}, buildName: JohnAutomateTestng 24, cssSelectorsEnabled: true, detected_language: selenium/4.9.1 (java mac), javascriptEnabled: true, new_bucketing: true, opera.arguments: {debugproxy: 127.0.0.1:41497, pd: /var/folders/yj/h3bj394n2tn...}, opera.autostart: true, opera.backend: software, opera.binary: /Applications/opera 12.15.a..., opera.detach: false, opera.host: 127.0.0.1, opera.idle: false, opera.launcher: /Users/test1/.launcher/laun..., opera.logging.level: INFO, opera.no_quit: false, opera.no_restart: false, opera.port: 41497, opera.product: Opera Desktop, opera.runner: com.opera.core.systems.runn..., orig_os: macmo, os: OS X, osVersion: Mojave, os_version: Mojave, platform: MAC, platformName: any, projectName: JohnAutomateAssignment, sessionId: 39fad337adce68003c7b6a2e585..., takesScreenshot: true, version: 12.15, webdriver.remote.sessionid: 39fad337adce68003c7b6a2e585...}
Session ID: 39fad337adce68003c7b6a2e585e3550bdc2c2ea
	at java.base/jdk.internal.reflect.NativeConstructorAccessorImpl.newInstance0(Native Method)
	at java.base/jdk.internal.reflect.NativeConstructorAccessorImpl.newInstance(NativeConstructorAccessorImpl.java:77)
	at java.base/jdk.internal.reflect.DelegatingConstructorAccessorImpl.newInstance(DelegatingConstructorAccessorImpl.java:45)
	at java.base/java.lang.reflect.Constructor.newInstanceWithCaller(Constructor.java:499)
	at java.base/java.lang.reflect.Constructor.newInstance(Constructor.java:480)
	at org.openqa.selenium.remote.codec.w3c.W3CHttpResponseCodec.createException(W3CHttpResponseCodec.java:200)
	at org.openqa.selenium.remote.codec.w3c.W3CHttpResponseCodec.decode(W3CHttpResponseCodec.java:133)
	at org.openqa.selenium.remote.codec.w3c.W3CHttpResponseCodec.decode(W3CHttpResponseCodec.java:53)
	at org.openqa.selenium.remote.HttpCommandExecutor.execute(HttpCommandExecutor.java:193)
	at org.openqa.selenium.remote.RemoteWebDriver.execute(RemoteWebDriver.java:543)
	at org.openqa.selenium.remote.ElementLocation$ElementFinder$2.findElement(ElementLocation.java:162)
	at org.openqa.selenium.remote.ElementLocation.findElement(ElementLocation.java:66)
	at org.openqa.selenium.remote.RemoteWebDriver.findElement(RemoteWebDriver.java:352)
	at org.openqa.selenium.remote.RemoteWebDriver.findElement(RemoteWebDriver.java:344)
	at assignment3.automatetestng.main(automatetestng.java:32)
	at java.base/jdk.internal.reflect.NativeMethodAccessorImpl.invoke0(Native Method)
	at java.base/jdk.internal.reflect.NativeMethodAccessorImpl.invoke(NativeMethodAccessorImpl.java:77)
	at java.base/jdk.internal.reflect.DelegatingMethodAccessorImpl.invoke(DelegatingMethodAccessorImpl.java:43)
	at java.base/java.lang.reflect.Method.invoke(Method.java:568)
	at org.testng.internal.MethodInvocationHelper.invokeMethod(MethodInvocationHelper.java:133)
	at org.testng.internal.TestInvoker.invokeMethod(TestInvoker.java:598)
	at org.testng.internal.TestInvoker.invokeTestMethod(TestInvoker.java:173)
	at org.testng.internal.MethodRunner.runInSequence(MethodRunner.java:46)
	at org.testng.internal.TestInvoker$MethodInvocationAgent.invoke(TestInvoker.java:824)
	at org.testng.internal.TestInvoker.invokeTestMethods(TestInvoker.java:146)
	at org.testng.internal.TestMethodWorker.invokeTestMethods(TestMethodWorker.java:146)
	at org.testng.internal.TestMethodWorker.run(TestMethodWorker.java:128)
	at java.base/java.util.ArrayList.forEach(ArrayList.java:1511)
	at org.testng.TestRunner.privateRun(TestRunner.java:794)
	at org.testng.TestRunner.run(TestRunner.java:596)
	at org.testng.SuiteRunner.runTest(SuiteRunner.java:377)
	at org.testng.SuiteRunner.access$000(SuiteRunner.java:28)
	at org.testng.SuiteRunner$SuiteWorker.run(SuiteRunner.java:418)
	at org.testng.internal.thread.ThreadUtil.lambda$execute$0(ThreadUtil.java:64)
	at java.base/java.util.concurrent.FutureTask.run(FutureTask.java:264)
	at java.base/java.util.concurrent.ThreadPoolExecutor.runWorker(ThreadPoolExecutor.java:1136)
	at java.base/java.util.concurrent.ThreadPoolExecutor$Worker.run(ThreadPoolExecutor.java:635)
	at java.base/java.lang.Thread.run(Thread.java:833)
</div></td></tr></table><p class="totop"><a href="#summary">back to summary</a></p>
<h2>Default test-7</h2><h3 id="m1">assignment3.automatetestng#main</h3><table class="result"><tr><th>Exception</th></tr><tr><td><div class="stacktrace">org.openqa.selenium.NoSuchElementException: Cannot find element(s) with css selector
For documentation on this error, please visit: http://seleniumhq.org/exceptions/no_such_element.html
Build info: version: &apos;2.43.1&apos;, revision: &apos;5163bce&apos;, time: &apos;2014-09-10 16:27:33&apos;
System info: host: &apos;mac-193-186-253-21.browserstack.com&apos;, ip: &apos;193.186.253.21&apos;, os.name: &apos;Mac OS X&apos;, os.arch: &apos;x86_64&apos;, os.version: &apos;10.13.6&apos;, java.version: &apos;1.8.0_181&apos;
Driver info: driver.version: EventFiringWebDriver
For documentation on this error, please visit: https://selenium.dev/exceptions/#no_such_element
Build info: version: &apos;4.9.1&apos;, revision: &apos;eb2032df7f&apos;
System info: os.name: &apos;Mac OS X&apos;, os.arch: &apos;aarch64&apos;, os.version: &apos;12.5&apos;, java.version: &apos;17.0.5&apos;
Driver info: org.openqa.selenium.chrome.ChromeDriver
Command: [73a1e2b96eda909acaf4de3cdf0be587377757ab, findElement {using=id, value=user_email_login}]
Capabilities {64bit: false, acceptSslCert: true, acceptSslCerts: true, browser: opera, browserName: opera, browser_name: Opera, browser_version: 12.15, browserstack.appium_version: , browserstack.buildIdentifier: 24, browserstack.consoleLogs: info, browserstack.hostName: JohnJose-FVFJ6DNG1WFV, browserstack.is_hub_canary: false, browserstack.useChromeDriver: true, bstack:options: {browser: Opera, browserName: Opera, browserVersion: 12.15, browserstackSDK: testng-javaagent/1.6.0, buildIdentifier: 24, buildName: JohnAutomateTestng 24, consoleLogs: info, hostName: JohnJose-FVFJ6DNG1WFV, networkLogs: true, os: OS X, osVersion: High Sierra, projectName: JohnAutomateAssignment, source: testng:sdk-archetype-integr..., useW3C: true}, buildName: JohnAutomateTestng 24, cssSelectorsEnabled: true, detected_language: selenium/4.9.1 (java mac), javascriptEnabled: true, new_bucketing: true, opera.arguments: {debugproxy: 127.0.0.1:24930, pd: /var/folders/yj/h3bj394n2tn...}, opera.autostart: true, opera.backend: software, opera.binary: /Applications/opera 12.15.a..., opera.detach: false, opera.host: 127.0.0.1, opera.idle: false, opera.launcher: /Users/test1/.launcher/laun..., opera.logging.level: INFO, opera.no_quit: false, opera.no_restart: false, opera.port: 24930, opera.product: Opera Desktop, opera.runner: com.opera.core.systems.runn..., orig_os: machs, os: OS X, osVersion: High Sierra, os_version: High Sierra, platform: MAC, platformName: any, projectName: JohnAutomateAssignment, sessionId: 73a1e2b96eda909acaf4de3cdf0..., takesScreenshot: true, version: 12.15, webdriver.remote.sessionid: 73a1e2b96eda909acaf4de3cdf0...}
Session ID: 73a1e2b96eda909acaf4de3cdf0be587377757ab
	at java.base/jdk.internal.reflect.NativeConstructorAccessorImpl.newInstance0(Native Method)
	at java.base/jdk.internal.reflect.NativeConstructorAccessorImpl.newInstance(NativeConstructorAccessorImpl.java:77)
	at java.base/jdk.internal.reflect.DelegatingConstructorAccessorImpl.newInstance(DelegatingConstructorAccessorImpl.java:45)
	at java.base/java.lang.reflect.Constructor.newInstanceWithCaller(Constructor.java:499)
	at java.base/java.lang.reflect.Constructor.newInstance(Constructor.java:480)
	at org.openqa.selenium.remote.codec.w3c.W3CHttpResponseCodec.createException(W3CHttpResponseCodec.java:200)
	at org.openqa.selenium.remote.codec.w3c.W3CHttpResponseCodec.decode(W3CHttpResponseCodec.java:133)
	at org.openqa.selenium.remote.codec.w3c.W3CHttpResponseCodec.decode(W3CHttpResponseCodec.java:53)
	at org.openqa.selenium.remote.HttpCommandExecutor.execute(HttpCommandExecutor.java:193)
	at org.openqa.selenium.remote.RemoteWebDriver.execute(RemoteWebDriver.java:543)
	at org.openqa.selenium.remote.ElementLocation$ElementFinder$2.findElement(ElementLocation.java:162)
	at org.openqa.selenium.remote.ElementLocation.findElement(ElementLocation.java:66)
	at org.openqa.selenium.remote.RemoteWebDriver.findElement(RemoteWebDriver.java:352)
	at org.openqa.selenium.remote.RemoteWebDriver.findElement(RemoteWebDriver.java:344)
	at assignment3.automatetestng.main(automatetestng.java:32)
	at java.base/jdk.internal.reflect.NativeMethodAccessorImpl.invoke0(Native Method)
	at java.base/jdk.internal.reflect.NativeMethodAccessorImpl.invoke(NativeMethodAccessorImpl.java:77)
	at java.base/jdk.internal.reflect.DelegatingMethodAccessorImpl.invoke(DelegatingMethodAccessorImpl.java:43)
	at java.base/java.lang.reflect.Method.invoke(Method.java:568)
	at org.testng.internal.MethodInvocationHelper.invokeMethod(MethodInvocationHelper.java:133)
	at org.testng.internal.TestInvoker.invokeMethod(TestInvoker.java:598)
	at org.testng.internal.TestInvoker.invokeTestMethod(TestInvoker.java:173)
	at org.testng.internal.MethodRunner.runInSequence(MethodRunner.java:46)
	at org.testng.internal.TestInvoker$MethodInvocationAgent.invoke(TestInvoker.java:824)
	at org.testng.internal.TestInvoker.invokeTestMethods(TestInvoker.java:146)
	at org.testng.internal.TestMethodWorker.invokeTestMethods(TestMethodWorker.java:146)
	at org.testng.internal.TestMethodWorker.run(TestMethodWorker.java:128)
	at java.base/java.util.ArrayList.forEach(ArrayList.java:1511)
	at org.testng.TestRunner.privateRun(TestRunner.java:794)
	at org.testng.TestRunner.run(TestRunner.java:596)
	at org.testng.SuiteRunner.runTest(SuiteRunner.java:377)
	at org.testng.SuiteRunner.access$000(SuiteRunner.java:28)
	at org.testng.SuiteRunner$SuiteWorker.run(SuiteRunner.java:418)
	at org.testng.internal.thread.ThreadUtil.lambda$execute$0(ThreadUtil.java:64)
	at java.base/java.util.concurrent.FutureTask.run(FutureTask.java:264)
	at java.base/java.util.concurrent.ThreadPoolExecutor.runWorker(ThreadPoolExecutor.java:1136)
	at java.base/java.util.concurrent.ThreadPoolExecutor$Worker.run(ThreadPoolExecutor.java:635)
	at java.base/java.lang.Thread.run(Thread.java:833)
</div></td></tr></table><p class="totop"><a href="#summary">back to summary</a></p>
<h2>Default test-11</h2><h3 id="m2">assignment3.automatetestng#main</h3><table class="result"><tr><th>Exception</th></tr><tr><td><div class="stacktrace">org.openqa.selenium.ElementClickInterceptedException: element click intercepted: Element &lt;input type=&quot;submit&quot; name=&quot;commit&quot; value=&quot;Sign me in&quot; id=&quot;user_submit&quot; class=&quot;btn btn-primary col-center users-sessions-new&quot; data-disable-with=&quot;Signing in...&quot;&gt; is not clickable at point (180, 463). Other element would receive the click: &lt;p class=&quot;cookie-notification__text&quot;&gt;...&lt;/p&gt;
  (Session info: chrome=102.0.5005.125)
Build info: version: &apos;4.9.1&apos;, revision: &apos;eb2032df7f&apos;
System info: os.name: &apos;Mac OS X&apos;, os.arch: &apos;aarch64&apos;, os.version: &apos;12.5&apos;, java.version: &apos;17.0.5&apos;
Driver info: org.openqa.selenium.chrome.ChromeDriver
Command: [1b0db98d8b1df825cba8db3791ea76e157bca990, clickElement {id=99f9e96e-a213-427f-a507-18a024a93cb1}]
Capabilities {appActivity: .SBrowserMainActivity, appPackage: com.sec.android.app.sbrowser, chromedriverArgs: [--adb-port=5038], chromedriverPort: 18084, databaseEnabled: false, desired: {appActivity: .SBrowserMainActivity, appPackage: com.sec.android.app.sbrowser, chromedriverArgs: [--adb-port=5038], chromedriverPort: 18084, goog:chromeOptions: {androidDeviceSocket: Terrace_devtools_remote, androidExecName: Terrace, args: [--remote-allow-origins=*]}, newCommandTimeout: 0, noReset: true, platformName: Android, skipServerInstallation: true, systemPort: 8204, udid: RZCW40CY83J}, deviceApiLevel: 33, deviceManufacturer: samsung, deviceModel: SM-S911B, deviceName: RZCW40CY83J, deviceScreenDensity: 480, deviceScreenSize: 1080x2340, deviceUDID: RZCW40CY83J, goog:chromeOptions: {androidDeviceSocket: Terrace_devtools_remote, androidExecName: Terrace, args: [--remote-allow-origins=*]}, javascriptEnabled: true, locationContextEnabled: false, networkConnectionEnabled: true, newCommandTimeout: 0, noReset: true, pixelRatio: 3, platform: LINUX, platformName: ANDROID, platformVersion: 13, skipServerInstallation: true, statBarHeight: 81, systemPort: 8204, takesScreenshot: true, udid: RZCW40CY83J, viewportRect: {height: 2034, left: 0, top: 81, width: 1080}, warnings: {}, webStorageEnabled: false}
Element: [[ChromeDriver:  on ANDROID (1b0db98d8b1df825cba8db3791ea76e157bca990)] -&gt; name: commit]
Session ID: 1b0db98d8b1df825cba8db3791ea76e157bca990
	at java.base/jdk.internal.reflect.NativeConstructorAccessorImpl.newInstance0(Native Method)
	at java.base/jdk.internal.reflect.NativeConstructorAccessorImpl.newInstance(NativeConstructorAccessorImpl.java:77)
	at java.base/jdk.internal.reflect.DelegatingConstructorAccessorImpl.newInstance(DelegatingConstructorAccessorImpl.java:45)
	at java.base/java.lang.reflect.Constructor.newInstanceWithCaller(Constructor.java:499)
	at java.base/java.lang.reflect.Constructor.newInstance(Constructor.java:480)
	at org.openqa.selenium.remote.codec.w3c.W3CHttpResponseCodec.createException(W3CHttpResponseCodec.java:200)
	at org.openqa.selenium.remote.codec.w3c.W3CHttpResponseCodec.decode(W3CHttpResponseCodec.java:133)
	at org.openqa.selenium.remote.codec.w3c.W3CHttpResponseCodec.decode(W3CHttpResponseCodec.java:53)
	at org.openqa.selenium.remote.HttpCommandExecutor.execute(HttpCommandExecutor.java:193)
	at org.openqa.selenium.remote.RemoteWebDriver.execute(RemoteWebDriver.java:543)
	at org.openqa.selenium.remote.RemoteWebElement.execute(RemoteWebElement.java:257)
	at org.openqa.selenium.remote.RemoteWebElement.click(RemoteWebElement.java:78)
	at assignment3.automatetestng.main(automatetestng.java:38)
	at java.base/jdk.internal.reflect.NativeMethodAccessorImpl.invoke0(Native Method)
	at java.base/jdk.internal.reflect.NativeMethodAccessorImpl.invoke(NativeMethodAccessorImpl.java:77)
	at java.base/jdk.internal.reflect.DelegatingMethodAccessorImpl.invoke(DelegatingMethodAccessorImpl.java:43)
	at java.base/java.lang.reflect.Method.invoke(Method.java:568)
	at org.testng.internal.MethodInvocationHelper.invokeMethod(MethodInvocationHelper.java:133)
	at org.testng.internal.TestInvoker.invokeMethod(TestInvoker.java:598)
	at org.testng.internal.TestInvoker.invokeTestMethod(TestInvoker.java:173)
	at org.testng.internal.MethodRunner.runInSequence(MethodRunner.java:46)
	at org.testng.internal.TestInvoker$MethodInvocationAgent.invoke(TestInvoker.java:824)
	at org.testng.internal.TestInvoker.invokeTestMethods(TestInvoker.java:146)
	at org.testng.internal.TestMethodWorker.invokeTestMethods(TestMethodWorker.java:146)
	at org.testng.internal.TestMethodWorker.run(TestMethodWorker.java:128)
	at java.base/java.util.ArrayList.forEach(ArrayList.java:1511)
	at org.testng.TestRunner.privateRun(TestRunner.java:794)
	at org.testng.TestRunner.run(TestRunner.java:596)
	at org.testng.SuiteRunner.runTest(SuiteRunner.java:377)
	at org.testng.SuiteRunner.access$000(SuiteRunner.java:28)
	at org.testng.SuiteRunner$SuiteWorker.run(SuiteRunner.java:418)
	at org.testng.internal.thread.ThreadUtil.lambda$execute$0(ThreadUtil.java:64)
	at java.base/java.util.concurrent.FutureTask.run(FutureTask.java:264)
	at java.base/java.util.concurrent.ThreadPoolExecutor.runWorker(ThreadPoolExecutor.java:1136)
	at java.base/java.util.concurrent.ThreadPoolExecutor$Worker.run(ThreadPoolExecutor.java:635)
	at java.base/java.lang.Thread.run(Thread.java:833)
</div></td></tr></table><p class="totop"><a href="#summary">back to summary</a></p>
<h2>Default test-9</h2><h3 id="m3">assignment3.automatetestng#main</h3><table class="result"><tr><th class="invisible"/></tr></table><p class="totop"><a href="#summary">back to summary</a></p>
<h2>Default test-0</h2><h3 id="m4">assignment3.automatetestng#main</h3><table class="result"><tr><th class="invisible"/></tr></table><p class="totop"><a href="#summary">back to summary</a></p>
<h2>Default test-1</h2><h3 id="m5">assignment3.automatetestng#main</h3><table class="result"><tr><th class="invisible"/></tr></table><p class="totop"><a href="#summary">back to summary</a></p>
<h2>Default test-8</h2><h3 id="m6">assignment3.automatetestng#main</h3><table class="result"><tr><th class="invisible"/></tr></table><p class="totop"><a href="#summary">back to summary</a></p>
<h2>Default test-2</h2><h3 id="m7">assignment3.automatetestng#main</h3><table class="result"><tr><th class="invisible"/></tr></table><p class="totop"><a href="#summary">back to summary</a></p>
<h2>Default test-5</h2><h3 id="m8">assignment3.automatetestng#main</h3><table class="result"><tr><th class="invisible"/></tr></table><p class="totop"><a href="#summary">back to summary</a></p>
<h2>Default test-4</h2><h3 id="m9">assignment3.automatetestng#main</h3><table class="result"><tr><th class="invisible"/></tr></table><p class="totop"><a href="#summary">back to summary</a></p>
<h2>Default test-3</h2><h3 id="m10">assignment3.automatetestng#main</h3><table class="result"><tr><th class="invisible"/></tr></table><p class="totop"><a href="#summary">back to summary</a></p>
<h2>Default test-10</h2><h3 id="m11">assignment3.automatetestng#main</h3><table class="result"><tr><th>Exception</th></tr><tr><td><div class="stacktrace">org.openqa.selenium.ElementClickInterceptedException: element click intercepted: Element &lt;input type=&quot;submit&quot; name=&quot;commit&quot; value=&quot;Sign me in&quot; id=&quot;user_submit&quot; class=&quot;btn btn-primary col-center users-sessions-new&quot; data-disable-with=&quot;Signing in...&quot;&gt; is not clickable at point (180, 463). Other element would receive the click: &lt;p class=&quot;cookie-notification__text&quot;&gt;...&lt;/p&gt;
  (Session info: chrome=102.0.5005.125)
Build info: version: &apos;4.9.1&apos;, revision: &apos;eb2032df7f&apos;
System info: os.name: &apos;Mac OS X&apos;, os.arch: &apos;aarch64&apos;, os.version: &apos;12.5&apos;, java.version: &apos;17.0.5&apos;
Driver info: org.openqa.selenium.chrome.ChromeDriver
Command: [ac6b03e80d9e3cd11f6ac1063813222c66a3efe6, clickElement {id=ce2de6da-f702-44b0-89ce-253d407cd8b4}]
Capabilities {appActivity: .SBrowserMainActivity, appPackage: com.sec.android.app.sbrowser, chromedriverPort: 18080, databaseEnabled: false, desired: {appActivity: .SBrowserMainActivity, appPackage: com.sec.android.app.sbrowser, chromedriverPort: 18080, goog:chromeOptions: {androidDeviceSocket: Terrace_devtools_remote, androidExecName: Terrace, args: [--remote-allow-origins=*]}, newCommandTimeout: 0, noReset: true, platformName: Android, skipServerInstallation: true, systemPort: 8200, udid: 5200e2b0bc5e55e5}, deviceApiLevel: 25, deviceManufacturer: samsung, deviceModel: SM-A530F, deviceName: 5200e2b0bc5e55e5, deviceScreenDensity: 480, deviceScreenSize: 1080x2220, deviceUDID: 5200e2b0bc5e55e5, goog:chromeOptions: {androidDeviceSocket: Terrace_devtools_remote, androidExecName: Terrace, args: [--remote-allow-origins=*]}, javascriptEnabled: true, locationContextEnabled: false, networkConnectionEnabled: true, newCommandTimeout: 0, noReset: true, pixelRatio: 3, platform: LINUX, platformName: ANDROID, platformVersion: 7.1.1, skipServerInstallation: true, statBarHeight: 72, systemPort: 8200, takesScreenshot: true, udid: 5200e2b0bc5e55e5, viewportRect: {height: 2004, left: 0, top: 72, width: 1080}, warnings: {}, webStorageEnabled: false}
Element: [[ChromeDriver:  on ANDROID (ac6b03e80d9e3cd11f6ac1063813222c66a3efe6)] -&gt; name: commit]
Session ID: ac6b03e80d9e3cd11f6ac1063813222c66a3efe6
	at java.base/jdk.internal.reflect.NativeConstructorAccessorImpl.newInstance0(Native Method)
	at java.base/jdk.internal.reflect.NativeConstructorAccessorImpl.newInstance(NativeConstructorAccessorImpl.java:77)
	at java.base/jdk.internal.reflect.DelegatingConstructorAccessorImpl.newInstance(DelegatingConstructorAccessorImpl.java:45)
	at java.base/java.lang.reflect.Constructor.newInstanceWithCaller(Constructor.java:499)
	at java.base/java.lang.reflect.Constructor.newInstance(Constructor.java:480)
	at org.openqa.selenium.remote.codec.w3c.W3CHttpResponseCodec.createException(W3CHttpResponseCodec.java:200)
	at org.openqa.selenium.remote.codec.w3c.W3CHttpResponseCodec.decode(W3CHttpResponseCodec.java:133)
	at org.openqa.selenium.remote.codec.w3c.W3CHttpResponseCodec.decode(W3CHttpResponseCodec.java:53)
	at org.openqa.selenium.remote.HttpCommandExecutor.execute(HttpCommandExecutor.java:193)
	at org.openqa.selenium.remote.RemoteWebDriver.execute(RemoteWebDriver.java:543)
	at org.openqa.selenium.remote.RemoteWebElement.execute(RemoteWebElement.java:257)
	at org.openqa.selenium.remote.RemoteWebElement.click(RemoteWebElement.java:78)
	at assignment3.automatetestng.main(automatetestng.java:38)
	at java.base/jdk.internal.reflect.NativeMethodAccessorImpl.invoke0(Native Method)
	at java.base/jdk.internal.reflect.NativeMethodAccessorImpl.invoke(NativeMethodAccessorImpl.java:77)
	at java.base/jdk.internal.reflect.DelegatingMethodAccessorImpl.invoke(DelegatingMethodAccessorImpl.java:43)
	at java.base/java.lang.reflect.Method.invoke(Method.java:568)
	at org.testng.internal.MethodInvocationHelper.invokeMethod(MethodInvocationHelper.java:133)
	at org.testng.internal.TestInvoker.invokeMethod(TestInvoker.java:598)
	at org.testng.internal.TestInvoker.invokeTestMethod(TestInvoker.java:173)
	at org.testng.internal.MethodRunner.runInSequence(MethodRunner.java:46)
	at org.testng.internal.TestInvoker$MethodInvocationAgent.invoke(TestInvoker.java:824)
	at org.testng.internal.TestInvoker.invokeTestMethods(TestInvoker.java:146)
	at org.testng.internal.TestMethodWorker.invokeTestMethods(TestMethodWorker.java:146)
	at org.testng.internal.TestMethodWorker.run(TestMethodWorker.java:128)
	at java.base/java.util.ArrayList.forEach(ArrayList.java:1511)
	at org.testng.TestRunner.privateRun(TestRunner.java:794)
	at org.testng.TestRunner.run(TestRunner.java:596)
	at org.testng.SuiteRunner.runTest(SuiteRunner.java:377)
	at org.testng.SuiteRunner.access$000(SuiteRunner.java:28)
	at org.testng.SuiteRunner$SuiteWorker.run(SuiteRunner.java:418)
	at org.testng.internal.thread.ThreadUtil.lambda$execute$0(ThreadUtil.java:64)
	at java.base/java.util.concurrent.FutureTask.run(FutureTask.java:264)
	at java.base/java.util.concurrent.ThreadPoolExecutor.runWorker(ThreadPoolExecutor.java:1136)
	at java.base/java.util.concurrent.ThreadPoolExecutor$Worker.run(ThreadPoolExecutor.java:635)
	at java.base/java.lang.Thread.run(Thread.java:833)
</div></td></tr></table><p class="totop"><a href="#summary">back to summary</a></p>
</body>
</html>
