<!DOCTYPE html>

<html>
  <head>
  <meta charset='utf-8'>
  <title>TestNG reports</title>

    <link type="text/css" href="testng-reports1.css" rel="stylesheet" id="ultra" />
    <link type="text/css" href="testng-reports.css" rel="stylesheet" id="retro" disabled="false"/>
    <script type="text/javascript" src="jquery.min.js"></script>
    <script type="text/javascript" src="testng-reports.js"></script>
    <script type="text/javascript" src="https://www.google.com/jsapi"></script>
    <script type='text/javascript'>
      google.load('visualization', '1', {packages:['table']});
      google.setOnLoadCallback(drawTable);
      var suiteTableInitFunctions = new Array();
      var suiteTableData = new Array();
    </script>
    <!--
      <script type="text/javascript" src="jquery-ui/js/jquery-ui-1.8.16.custom.min.js"></script>
     -->
  </head>

  <body>
    <div class="top-banner-root">
      <span class="top-banner-title-font">Test results</span>
      <button id="button" class="button">Switch Retro Theme</button> <!-- button -->
      <br/>
      <span class="top-banner-font-1">1 suite, 4 failed tests</span>
    </div> <!-- top-banner-root -->
    <div class="navigator-root">
      <div class="navigator-suite-header">
        <span>All suites</span>
        <a href="#" title="Collapse/expand all the suites" class="collapse-all-link">
          <img src="collapseall.gif" class="collapse-all-icon">
          </img> <!-- collapse-all-icon -->
        </a> <!-- collapse-all-link -->
      </div> <!-- navigator-suite-header -->
      <div class="suite">
        <div class="rounded-window">
          <div class="suite-header light-rounded-window-top">
            <a href="#" panel-name="suite-Default_suite" class="navigator-link">
              <span class="suite-name border-failed">Default suite</span>
            </a> <!-- navigator-link -->
          </div> <!-- suite-header light-rounded-window-top -->
          <div class="navigator-suite-content">
            <div class="suite-section-title">
              <span>Info</span>
            </div> <!-- suite-section-title -->
            <div class="suite-section-content">
              <ul>
                <li>
                  <a href="#" panel-name="test-xml-Default_suite" class="navigator-link ">
                    <span>testng-customsuite.xml</span>
                  </a> <!-- navigator-link  -->
                </li>
                <li>
                  <a href="#" panel-name="testlist-Default_suite" class="navigator-link ">
                    <span class="test-stats">12 tests</span>
                  </a> <!-- navigator-link  -->
                </li>
                <li>
                  <a href="#" panel-name="group-Default_suite" class="navigator-link ">
                    <span>0 groups</span>
                  </a> <!-- navigator-link  -->
                </li>
                <li>
                  <a href="#" panel-name="times-Default_suite" class="navigator-link ">
                    <span>Times</span>
                  </a> <!-- navigator-link  -->
                </li>
                <li>
                  <a href="#" panel-name="reporter-Default_suite" class="navigator-link ">
                    <span>Reporter output</span>
                  </a> <!-- navigator-link  -->
                </li>
                <li>
                  <a href="#" panel-name="ignored-methods-Default_suite" class="navigator-link ">
                    <span>Ignored methods</span>
                  </a> <!-- navigator-link  -->
                </li>
                <li>
                  <a href="#" panel-name="chronological-Default_suite" class="navigator-link ">
                    <span>Chronological view</span>
                  </a> <!-- navigator-link  -->
                </li>
              </ul>
            </div> <!-- suite-section-content -->
            <div class="result-section">
              <div class="suite-section-title">
                <span>Results</span>
              </div> <!-- suite-section-title -->
              <div class="suite-section-content">
                <ul>
                  <li>
                    <span class="method-stats">12 methods, 4 failed,   8 passed</span>
                  </li>
                  <li>
                    <span class="method-list-title failed">Failed methods</span>
                    <span class="show-or-hide-methods failed">
                      <a href="#" panel-name="suite-Default_suite" class="hide-methods failed suite-Default_suite"> (hide)</a> <!-- hide-methods failed suite-Default_suite -->
                      <a href="#" panel-name="suite-Default_suite" class="show-methods failed suite-Default_suite"> (show)</a> <!-- show-methods failed suite-Default_suite -->
                    </span>
                    <div class="method-list-content failed suite-Default_suite">
                      <span>
                        <img src="failed.png" width="3%"/>
                        <a href="#" panel-name="suite-Default_suite" title="assignment3.automatetestng" class="method navigator-link" hash-for-method="main">main</a> <!-- method navigator-link -->
                      </span>
                      <br/>
                      <span>
                        <img src="failed.png" width="3%"/>
                        <a href="#" panel-name="suite-Default_suite" title="assignment3.automatetestng" class="method navigator-link" hash-for-method="main">main</a> <!-- method navigator-link -->
                      </span>
                      <br/>
                      <span>
                        <img src="failed.png" width="3%"/>
                        <a href="#" panel-name="suite-Default_suite" title="assignment3.automatetestng" class="method navigator-link" hash-for-method="main">main</a> <!-- method navigator-link -->
                      </span>
                      <br/>
                      <span>
                        <img src="failed.png" width="3%"/>
                        <a href="#" panel-name="suite-Default_suite" title="assignment3.automatetestng" class="method navigator-link" hash-for-method="main">main</a> <!-- method navigator-link -->
                      </span>
                      <br/>
                    </div> <!-- method-list-content failed suite-Default_suite -->
                  </li>
                  <li>
                    <span class="method-list-title passed">Passed methods</span>
                    <span class="show-or-hide-methods passed">
                      <a href="#" panel-name="suite-Default_suite" class="hide-methods passed suite-Default_suite"> (hide)</a> <!-- hide-methods passed suite-Default_suite -->
                      <a href="#" panel-name="suite-Default_suite" class="show-methods passed suite-Default_suite"> (show)</a> <!-- show-methods passed suite-Default_suite -->
                    </span>
                    <div class="method-list-content passed suite-Default_suite">
                      <span>
                        <img src="passed.png" width="3%"/>
                        <a href="#" panel-name="suite-Default_suite" title="assignment3.automatetestng" class="method navigator-link" hash-for-method="main">main</a> <!-- method navigator-link -->
                      </span>
                      <br/>
                      <span>
                        <img src="passed.png" width="3%"/>
                        <a href="#" panel-name="suite-Default_suite" title="assignment3.automatetestng" class="method navigator-link" hash-for-method="main">main</a> <!-- method navigator-link -->
                      </span>
                      <br/>
                      <span>
                        <img src="passed.png" width="3%"/>
                        <a href="#" panel-name="suite-Default_suite" title="assignment3.automatetestng" class="method navigator-link" hash-for-method="main">main</a> <!-- method navigator-link -->
                      </span>
                      <br/>
                      <span>
                        <img src="passed.png" width="3%"/>
                        <a href="#" panel-name="suite-Default_suite" title="assignment3.automatetestng" class="method navigator-link" hash-for-method="main">main</a> <!-- method navigator-link -->
                      </span>
                      <br/>
                      <span>
                        <img src="passed.png" width="3%"/>
                        <a href="#" panel-name="suite-Default_suite" title="assignment3.automatetestng" class="method navigator-link" hash-for-method="main">main</a> <!-- method navigator-link -->
                      </span>
                      <br/>
                      <span>
                        <img src="passed.png" width="3%"/>
                        <a href="#" panel-name="suite-Default_suite" title="assignment3.automatetestng" class="method navigator-link" hash-for-method="main">main</a> <!-- method navigator-link -->
                      </span>
                      <br/>
                      <span>
                        <img src="passed.png" width="3%"/>
                        <a href="#" panel-name="suite-Default_suite" title="assignment3.automatetestng" class="method navigator-link" hash-for-method="main">main</a> <!-- method navigator-link -->
                      </span>
                      <br/>
                      <span>
                        <img src="passed.png" width="3%"/>
                        <a href="#" panel-name="suite-Default_suite" title="assignment3.automatetestng" class="method navigator-link" hash-for-method="main">main</a> <!-- method navigator-link -->
                      </span>
                      <br/>
                    </div> <!-- method-list-content passed suite-Default_suite -->
                  </li>
                </ul>
              </div> <!-- suite-section-content -->
            </div> <!-- result-section -->
          </div> <!-- navigator-suite-content -->
        </div> <!-- rounded-window -->
      </div> <!-- suite -->
    </div> <!-- navigator-root -->
    <div class="wrapper">
      <div class="main-panel-root">
        <div panel-name="suite-Default_suite" class="panel Default_suite">
          <div class="suite-Default_suite-class-failed">
            <div class="main-panel-header rounded-window-top">
              <img src="failed.png"/>
              <span class="class-name">assignment3.automatetestng</span>
            </div> <!-- main-panel-header rounded-window-top -->
            <div class="main-panel-content rounded-window-bottom">
              <div class="method">
                <div class="method-content">
                  <a name="main">
                  </a> <!-- main -->
                  <span class="method-name">main</span>
                  <div class="stack-trace">org.openqa.selenium.NoSuchElementException: Cannot find element(s) with css selector
For documentation on this error, please visit: http://seleniumhq.org/exceptions/no_such_element.html
Build info: version: &apos;2.43.1&apos;, revision: &apos;5163bce&apos;, time: &apos;2014-09-10 16:27:33&apos;
System info: host: &apos;mac-193-186-253-36.browserstack.com&apos;, ip: &apos;193.186.253.36&apos;, os.name: &apos;Mac OS X&apos;, os.arch: &apos;x86_64&apos;, os.version: &apos;10.14.6&apos;, java.version: &apos;1.8.0_181&apos;
Driver info: driver.version: EventFiringWebDriver
For documentation on this error, please visit: https://selenium.dev/exceptions/#no_such_element
Build info: version: &apos;4.9.1&apos;, revision: &apos;eb2032df7f&apos;
System info: os.name: &apos;Mac OS X&apos;, os.arch: &apos;aarch64&apos;, os.version: &apos;12.5&apos;, java.version: &apos;17.0.5&apos;
Driver info: org.openqa.selenium.chrome.ChromeDriver
Command: [39fad337adce68003c7b6a2e585e3550bdc2c2ea, findElement {using=id, value=user_email_login}]
Capabilities {64bit: false, acceptSslCert: true, acceptSslCerts: true, browser: opera, browserName: opera, browser_name: Opera, browser_version: 12.15, browserstack.appium_version: , browserstack.buildIdentifier: 24, browserstack.consoleLogs: info, browserstack.hostName: JohnJose-FVFJ6DNG1WFV, browserstack.is_hub_canary: false, browserstack.useChromeDriver: true, bstack:options: {browser: Opera, browserName: Opera, browserVersion: 12.15, browserstackSDK: testng-javaagent/1.6.0, buildIdentifier: 24, buildName: JohnAutomateTestng 24, consoleLogs: info, hostName: JohnJose-FVFJ6DNG1WFV, networkLogs: true, os: OS X, osVersion: Mojave, projectName: JohnAutomateAssignment, source: testng:sdk-archetype-integr..., useW3C: true}, buildName: JohnAutomateTestng 24, cssSelectorsEnabled: true, detected_language: selenium/4.9.1 (java mac), javascriptEnabled: true, new_bucketing: true, opera.arguments: {debugproxy: 127.0.0.1:41497, pd: /var/folders/yj/h3bj394n2tn...}, opera.autostart: true, opera.backend: software, opera.binary: /Applications/opera 12.15.a..., opera.detach: false, opera.host: 127.0.0.1, opera.idle: false, opera.launcher: /Users/test1/.launcher/laun..., opera.logging.level: INFO, opera.no_quit: false, opera.no_restart: false, opera.port: 41497, opera.product: Opera Desktop, opera.runner: com.opera.core.systems.runn..., orig_os: macmo, os: OS X, osVersion: Mojave, os_version: Mojave, platform: MAC, platformName: any, projectName: JohnAutomateAssignment, sessionId: 39fad337adce68003c7b6a2e585..., takesScreenshot: true, version: 12.15, webdriver.remote.sessionid: 39fad337adce68003c7b6a2e585...}
Session ID: 39fad337adce68003c7b6a2e585e3550bdc2c2ea
	at java.base/jdk.internal.reflect.NativeConstructorAccessorImpl.newInstance0(Native Method)
	at java.base/jdk.internal.reflect.NativeConstructorAccessorImpl.newInstance(NativeConstructorAccessorImpl.java:77)
	at java.base/jdk.internal.reflect.DelegatingConstructorAccessorImpl.newInstance(DelegatingConstructorAccessorImpl.java:45)
	at java.base/java.lang.reflect.Constructor.newInstanceWithCaller(Constructor.java:499)
	at java.base/java.lang.reflect.Constructor.newInstance(Constructor.java:480)
	at org.openqa.selenium.remote.codec.w3c.W3CHttpResponseCodec.createException(W3CHttpResponseCodec.java:200)
	at org.openqa.selenium.remote.codec.w3c.W3CHttpResponseCodec.decode(W3CHttpResponseCodec.java:133)
	at org.openqa.selenium.remote.codec.w3c.W3CHttpResponseCodec.decode(W3CHttpResponseCodec.java:53)
	at org.openqa.selenium.remote.HttpCommandExecutor.execute(HttpCommandExecutor.java:193)
	at org.openqa.selenium.remote.RemoteWebDriver.execute(RemoteWebDriver.java:543)
	at org.openqa.selenium.remote.ElementLocation$ElementFinder$2.findElement(ElementLocation.java:162)
	at org.openqa.selenium.remote.ElementLocation.findElement(ElementLocation.java:66)
	at org.openqa.selenium.remote.RemoteWebDriver.findElement(RemoteWebDriver.java:352)
	at org.openqa.selenium.remote.RemoteWebDriver.findElement(RemoteWebDriver.java:344)
	at assignment3.automatetestng.main(automatetestng.java:32)
	at java.base/jdk.internal.reflect.NativeMethodAccessorImpl.invoke0(Native Method)
	at java.base/jdk.internal.reflect.NativeMethodAccessorImpl.invoke(NativeMethodAccessorImpl.java:77)
	at java.base/jdk.internal.reflect.DelegatingMethodAccessorImpl.invoke(DelegatingMethodAccessorImpl.java:43)
	at java.base/java.lang.reflect.Method.invoke(Method.java:568)
	at org.testng.internal.MethodInvocationHelper.invokeMethod(MethodInvocationHelper.java:133)
	at org.testng.internal.TestInvoker.invokeMethod(TestInvoker.java:598)
	at org.testng.internal.TestInvoker.invokeTestMethod(TestInvoker.java:173)
	at org.testng.internal.MethodRunner.runInSequence(MethodRunner.java:46)
	at org.testng.internal.TestInvoker$MethodInvocationAgent.invoke(TestInvoker.java:824)
	at org.testng.internal.TestInvoker.invokeTestMethods(TestInvoker.java:146)
	at org.testng.internal.TestMethodWorker.invokeTestMethods(TestMethodWorker.java:146)
	at org.testng.internal.TestMethodWorker.run(TestMethodWorker.java:128)
	at java.base/java.util.ArrayList.forEach(ArrayList.java:1511)
	at org.testng.TestRunner.privateRun(TestRunner.java:794)
	at org.testng.TestRunner.run(TestRunner.java:596)
	at org.testng.SuiteRunner.runTest(SuiteRunner.java:377)
	at org.testng.SuiteRunner.access$000(SuiteRunner.java:28)
	at org.testng.SuiteRunner$SuiteWorker.run(SuiteRunner.java:418)
	at org.testng.internal.thread.ThreadUtil.lambda$execute$0(ThreadUtil.java:64)
	at java.base/java.util.concurrent.FutureTask.run(FutureTask.java:264)
	at java.base/java.util.concurrent.ThreadPoolExecutor.runWorker(ThreadPoolExecutor.java:1136)
	at java.base/java.util.concurrent.ThreadPoolExecutor$Worker.run(ThreadPoolExecutor.java:635)
	at java.base/java.lang.Thread.run(Thread.java:833)

</div> <!-- stack-trace -->
                </div> <!-- method-content -->
              </div> <!-- method -->
              <div class="method">
                <div class="method-content">
                  <a name="main">
                  </a> <!-- main -->
                  <span class="method-name">main</span>
                  <div class="stack-trace">org.openqa.selenium.NoSuchElementException: Cannot find element(s) with css selector
For documentation on this error, please visit: http://seleniumhq.org/exceptions/no_such_element.html
Build info: version: &apos;2.43.1&apos;, revision: &apos;5163bce&apos;, time: &apos;2014-09-10 16:27:33&apos;
System info: host: &apos;mac-193-186-253-21.browserstack.com&apos;, ip: &apos;193.186.253.21&apos;, os.name: &apos;Mac OS X&apos;, os.arch: &apos;x86_64&apos;, os.version: &apos;10.13.6&apos;, java.version: &apos;1.8.0_181&apos;
Driver info: driver.version: EventFiringWebDriver
For documentation on this error, please visit: https://selenium.dev/exceptions/#no_such_element
Build info: version: &apos;4.9.1&apos;, revision: &apos;eb2032df7f&apos;
System info: os.name: &apos;Mac OS X&apos;, os.arch: &apos;aarch64&apos;, os.version: &apos;12.5&apos;, java.version: &apos;17.0.5&apos;
Driver info: org.openqa.selenium.chrome.ChromeDriver
Command: [73a1e2b96eda909acaf4de3cdf0be587377757ab, findElement {using=id, value=user_email_login}]
Capabilities {64bit: false, acceptSslCert: true, acceptSslCerts: true, browser: opera, browserName: opera, browser_name: Opera, browser_version: 12.15, browserstack.appium_version: , browserstack.buildIdentifier: 24, browserstack.consoleLogs: info, browserstack.hostName: JohnJose-FVFJ6DNG1WFV, browserstack.is_hub_canary: false, browserstack.useChromeDriver: true, bstack:options: {browser: Opera, browserName: Opera, browserVersion: 12.15, browserstackSDK: testng-javaagent/1.6.0, buildIdentifier: 24, buildName: JohnAutomateTestng 24, consoleLogs: info, hostName: JohnJose-FVFJ6DNG1WFV, networkLogs: true, os: OS X, osVersion: High Sierra, projectName: JohnAutomateAssignment, source: testng:sdk-archetype-integr..., useW3C: true}, buildName: JohnAutomateTestng 24, cssSelectorsEnabled: true, detected_language: selenium/4.9.1 (java mac), javascriptEnabled: true, new_bucketing: true, opera.arguments: {debugproxy: 127.0.0.1:24930, pd: /var/folders/yj/h3bj394n2tn...}, opera.autostart: true, opera.backend: software, opera.binary: /Applications/opera 12.15.a..., opera.detach: false, opera.host: 127.0.0.1, opera.idle: false, opera.launcher: /Users/test1/.launcher/laun..., opera.logging.level: INFO, opera.no_quit: false, opera.no_restart: false, opera.port: 24930, opera.product: Opera Desktop, opera.runner: com.opera.core.systems.runn..., orig_os: machs, os: OS X, osVersion: High Sierra, os_version: High Sierra, platform: MAC, platformName: any, projectName: JohnAutomateAssignment, sessionId: 73a1e2b96eda909acaf4de3cdf0..., takesScreenshot: true, version: 12.15, webdriver.remote.sessionid: 73a1e2b96eda909acaf4de3cdf0...}
Session ID: 73a1e2b96eda909acaf4de3cdf0be587377757ab
	at java.base/jdk.internal.reflect.NativeConstructorAccessorImpl.newInstance0(Native Method)
	at java.base/jdk.internal.reflect.NativeConstructorAccessorImpl.newInstance(NativeConstructorAccessorImpl.java:77)
	at java.base/jdk.internal.reflect.DelegatingConstructorAccessorImpl.newInstance(DelegatingConstructorAccessorImpl.java:45)
	at java.base/java.lang.reflect.Constructor.newInstanceWithCaller(Constructor.java:499)
	at java.base/java.lang.reflect.Constructor.newInstance(Constructor.java:480)
	at org.openqa.selenium.remote.codec.w3c.W3CHttpResponseCodec.createException(W3CHttpResponseCodec.java:200)
	at org.openqa.selenium.remote.codec.w3c.W3CHttpResponseCodec.decode(W3CHttpResponseCodec.java:133)
	at org.openqa.selenium.remote.codec.w3c.W3CHttpResponseCodec.decode(W3CHttpResponseCodec.java:53)
	at org.openqa.selenium.remote.HttpCommandExecutor.execute(HttpCommandExecutor.java:193)
	at org.openqa.selenium.remote.RemoteWebDriver.execute(RemoteWebDriver.java:543)
	at org.openqa.selenium.remote.ElementLocation$ElementFinder$2.findElement(ElementLocation.java:162)
	at org.openqa.selenium.remote.ElementLocation.findElement(ElementLocation.java:66)
	at org.openqa.selenium.remote.RemoteWebDriver.findElement(RemoteWebDriver.java:352)
	at org.openqa.selenium.remote.RemoteWebDriver.findElement(RemoteWebDriver.java:344)
	at assignment3.automatetestng.main(automatetestng.java:32)
	at java.base/jdk.internal.reflect.NativeMethodAccessorImpl.invoke0(Native Method)
	at java.base/jdk.internal.reflect.NativeMethodAccessorImpl.invoke(NativeMethodAccessorImpl.java:77)
	at java.base/jdk.internal.reflect.DelegatingMethodAccessorImpl.invoke(DelegatingMethodAccessorImpl.java:43)
	at java.base/java.lang.reflect.Method.invoke(Method.java:568)
	at org.testng.internal.MethodInvocationHelper.invokeMethod(MethodInvocationHelper.java:133)
	at org.testng.internal.TestInvoker.invokeMethod(TestInvoker.java:598)
	at org.testng.internal.TestInvoker.invokeTestMethod(TestInvoker.java:173)
	at org.testng.internal.MethodRunner.runInSequence(MethodRunner.java:46)
	at org.testng.internal.TestInvoker$MethodInvocationAgent.invoke(TestInvoker.java:824)
	at org.testng.internal.TestInvoker.invokeTestMethods(TestInvoker.java:146)
	at org.testng.internal.TestMethodWorker.invokeTestMethods(TestMethodWorker.java:146)
	at org.testng.internal.TestMethodWorker.run(TestMethodWorker.java:128)
	at java.base/java.util.ArrayList.forEach(ArrayList.java:1511)
	at org.testng.TestRunner.privateRun(TestRunner.java:794)
	at org.testng.TestRunner.run(TestRunner.java:596)
	at org.testng.SuiteRunner.runTest(SuiteRunner.java:377)
	at org.testng.SuiteRunner.access$000(SuiteRunner.java:28)
	at org.testng.SuiteRunner$SuiteWorker.run(SuiteRunner.java:418)
	at org.testng.internal.thread.ThreadUtil.lambda$execute$0(ThreadUtil.java:64)
	at java.base/java.util.concurrent.FutureTask.run(FutureTask.java:264)
	at java.base/java.util.concurrent.ThreadPoolExecutor.runWorker(ThreadPoolExecutor.java:1136)
	at java.base/java.util.concurrent.ThreadPoolExecutor$Worker.run(ThreadPoolExecutor.java:635)
	at java.base/java.lang.Thread.run(Thread.java:833)

</div> <!-- stack-trace -->
                </div> <!-- method-content -->
              </div> <!-- method -->
              <div class="method">
                <div class="method-content">
                  <a name="main">
                  </a> <!-- main -->
                  <span class="method-name">main</span>
                  <div class="stack-trace">org.openqa.selenium.ElementClickInterceptedException: element click intercepted: Element &lt;input type=&quot;submit&quot; name=&quot;commit&quot; value=&quot;Sign me in&quot; id=&quot;user_submit&quot; class=&quot;btn btn-primary col-center users-sessions-new&quot; data-disable-with=&quot;Signing in...&quot;&gt; is not clickable at point (180, 463). Other element would receive the click: &lt;p class=&quot;cookie-notification__text&quot;&gt;...&lt;/p&gt;
  (Session info: chrome=102.0.5005.125)
Build info: version: &apos;4.9.1&apos;, revision: &apos;eb2032df7f&apos;
System info: os.name: &apos;Mac OS X&apos;, os.arch: &apos;aarch64&apos;, os.version: &apos;12.5&apos;, java.version: &apos;17.0.5&apos;
Driver info: org.openqa.selenium.chrome.ChromeDriver
Command: [1b0db98d8b1df825cba8db3791ea76e157bca990, clickElement {id=99f9e96e-a213-427f-a507-18a024a93cb1}]
Capabilities {appActivity: .SBrowserMainActivity, appPackage: com.sec.android.app.sbrowser, chromedriverArgs: [--adb-port=5038], chromedriverPort: 18084, databaseEnabled: false, desired: {appActivity: .SBrowserMainActivity, appPackage: com.sec.android.app.sbrowser, chromedriverArgs: [--adb-port=5038], chromedriverPort: 18084, goog:chromeOptions: {androidDeviceSocket: Terrace_devtools_remote, androidExecName: Terrace, args: [--remote-allow-origins=*]}, newCommandTimeout: 0, noReset: true, platformName: Android, skipServerInstallation: true, systemPort: 8204, udid: RZCW40CY83J}, deviceApiLevel: 33, deviceManufacturer: samsung, deviceModel: SM-S911B, deviceName: RZCW40CY83J, deviceScreenDensity: 480, deviceScreenSize: 1080x2340, deviceUDID: RZCW40CY83J, goog:chromeOptions: {androidDeviceSocket: Terrace_devtools_remote, androidExecName: Terrace, args: [--remote-allow-origins=*]}, javascriptEnabled: true, locationContextEnabled: false, networkConnectionEnabled: true, newCommandTimeout: 0, noReset: true, pixelRatio: 3, platform: LINUX, platformName: ANDROID, platformVersion: 13, skipServerInstallation: true, statBarHeight: 81, systemPort: 8204, takesScreenshot: true, udid: RZCW40CY83J, viewportRect: {height: 2034, left: 0, top: 81, width: 1080}, warnings: {}, webStorageEnabled: false}
Element: [[ChromeDriver:  on ANDROID (1b0db98d8b1df825cba8db3791ea76e157bca990)] -&gt; name: commit]
Session ID: 1b0db98d8b1df825cba8db3791ea76e157bca990
	at java.base/jdk.internal.reflect.NativeConstructorAccessorImpl.newInstance0(Native Method)
	at java.base/jdk.internal.reflect.NativeConstructorAccessorImpl.newInstance(NativeConstructorAccessorImpl.java:77)
	at java.base/jdk.internal.reflect.DelegatingConstructorAccessorImpl.newInstance(DelegatingConstructorAccessorImpl.java:45)
	at java.base/java.lang.reflect.Constructor.newInstanceWithCaller(Constructor.java:499)
	at java.base/java.lang.reflect.Constructor.newInstance(Constructor.java:480)
	at org.openqa.selenium.remote.codec.w3c.W3CHttpResponseCodec.createException(W3CHttpResponseCodec.java:200)
	at org.openqa.selenium.remote.codec.w3c.W3CHttpResponseCodec.decode(W3CHttpResponseCodec.java:133)
	at org.openqa.selenium.remote.codec.w3c.W3CHttpResponseCodec.decode(W3CHttpResponseCodec.java:53)
	at org.openqa.selenium.remote.HttpCommandExecutor.execute(HttpCommandExecutor.java:193)
	at org.openqa.selenium.remote.RemoteWebDriver.execute(RemoteWebDriver.java:543)
	at org.openqa.selenium.remote.RemoteWebElement.execute(RemoteWebElement.java:257)
	at org.openqa.selenium.remote.RemoteWebElement.click(RemoteWebElement.java:78)
	at assignment3.automatetestng.main(automatetestng.java:38)
	at java.base/jdk.internal.reflect.NativeMethodAccessorImpl.invoke0(Native Method)
	at java.base/jdk.internal.reflect.NativeMethodAccessorImpl.invoke(NativeMethodAccessorImpl.java:77)
	at java.base/jdk.internal.reflect.DelegatingMethodAccessorImpl.invoke(DelegatingMethodAccessorImpl.java:43)
	at java.base/java.lang.reflect.Method.invoke(Method.java:568)
	at org.testng.internal.MethodInvocationHelper.invokeMethod(MethodInvocationHelper.java:133)
	at org.testng.internal.TestInvoker.invokeMethod(TestInvoker.java:598)
	at org.testng.internal.TestInvoker.invokeTestMethod(TestInvoker.java:173)
	at org.testng.internal.MethodRunner.runInSequence(MethodRunner.java:46)
	at org.testng.internal.TestInvoker$MethodInvocationAgent.invoke(TestInvoker.java:824)
	at org.testng.internal.TestInvoker.invokeTestMethods(TestInvoker.java:146)
	at org.testng.internal.TestMethodWorker.invokeTestMethods(TestMethodWorker.java:146)
	at org.testng.internal.TestMethodWorker.run(TestMethodWorker.java:128)
	at java.base/java.util.ArrayList.forEach(ArrayList.java:1511)
	at org.testng.TestRunner.privateRun(TestRunner.java:794)
	at org.testng.TestRunner.run(TestRunner.java:596)
	at org.testng.SuiteRunner.runTest(SuiteRunner.java:377)
	at org.testng.SuiteRunner.access$000(SuiteRunner.java:28)
	at org.testng.SuiteRunner$SuiteWorker.run(SuiteRunner.java:418)
	at org.testng.internal.thread.ThreadUtil.lambda$execute$0(ThreadUtil.java:64)
	at java.base/java.util.concurrent.FutureTask.run(FutureTask.java:264)
	at java.base/java.util.concurrent.ThreadPoolExecutor.runWorker(ThreadPoolExecutor.java:1136)
	at java.base/java.util.concurrent.ThreadPoolExecutor$Worker.run(ThreadPoolExecutor.java:635)
	at java.base/java.lang.Thread.run(Thread.java:833)

</div> <!-- stack-trace -->
                </div> <!-- method-content -->
              </div> <!-- method -->
              <div class="method">
                <div class="method-content">
                  <a name="main">
                  </a> <!-- main -->
                  <span class="method-name">main</span>
                  <div class="stack-trace">org.openqa.selenium.ElementClickInterceptedException: element click intercepted: Element &lt;input type=&quot;submit&quot; name=&quot;commit&quot; value=&quot;Sign me in&quot; id=&quot;user_submit&quot; class=&quot;btn btn-primary col-center users-sessions-new&quot; data-disable-with=&quot;Signing in...&quot;&gt; is not clickable at point (180, 463). Other element would receive the click: &lt;p class=&quot;cookie-notification__text&quot;&gt;...&lt;/p&gt;
  (Session info: chrome=102.0.5005.125)
Build info: version: &apos;4.9.1&apos;, revision: &apos;eb2032df7f&apos;
System info: os.name: &apos;Mac OS X&apos;, os.arch: &apos;aarch64&apos;, os.version: &apos;12.5&apos;, java.version: &apos;17.0.5&apos;
Driver info: org.openqa.selenium.chrome.ChromeDriver
Command: [ac6b03e80d9e3cd11f6ac1063813222c66a3efe6, clickElement {id=ce2de6da-f702-44b0-89ce-253d407cd8b4}]
Capabilities {appActivity: .SBrowserMainActivity, appPackage: com.sec.android.app.sbrowser, chromedriverPort: 18080, databaseEnabled: false, desired: {appActivity: .SBrowserMainActivity, appPackage: com.sec.android.app.sbrowser, chromedriverPort: 18080, goog:chromeOptions: {androidDeviceSocket: Terrace_devtools_remote, androidExecName: Terrace, args: [--remote-allow-origins=*]}, newCommandTimeout: 0, noReset: true, platformName: Android, skipServerInstallation: true, systemPort: 8200, udid: 5200e2b0bc5e55e5}, deviceApiLevel: 25, deviceManufacturer: samsung, deviceModel: SM-A530F, deviceName: 5200e2b0bc5e55e5, deviceScreenDensity: 480, deviceScreenSize: 1080x2220, deviceUDID: 5200e2b0bc5e55e5, goog:chromeOptions: {androidDeviceSocket: Terrace_devtools_remote, androidExecName: Terrace, args: [--remote-allow-origins=*]}, javascriptEnabled: true, locationContextEnabled: false, networkConnectionEnabled: true, newCommandTimeout: 0, noReset: true, pixelRatio: 3, platform: LINUX, platformName: ANDROID, platformVersion: 7.1.1, skipServerInstallation: true, statBarHeight: 72, systemPort: 8200, takesScreenshot: true, udid: 5200e2b0bc5e55e5, viewportRect: {height: 2004, left: 0, top: 72, width: 1080}, warnings: {}, webStorageEnabled: false}
Element: [[ChromeDriver:  on ANDROID (ac6b03e80d9e3cd11f6ac1063813222c66a3efe6)] -&gt; name: commit]
Session ID: ac6b03e80d9e3cd11f6ac1063813222c66a3efe6
	at java.base/jdk.internal.reflect.NativeConstructorAccessorImpl.newInstance0(Native Method)
	at java.base/jdk.internal.reflect.NativeConstructorAccessorImpl.newInstance(NativeConstructorAccessorImpl.java:77)
	at java.base/jdk.internal.reflect.DelegatingConstructorAccessorImpl.newInstance(DelegatingConstructorAccessorImpl.java:45)
	at java.base/java.lang.reflect.Constructor.newInstanceWithCaller(Constructor.java:499)
	at java.base/java.lang.reflect.Constructor.newInstance(Constructor.java:480)
	at org.openqa.selenium.remote.codec.w3c.W3CHttpResponseCodec.createException(W3CHttpResponseCodec.java:200)
	at org.openqa.selenium.remote.codec.w3c.W3CHttpResponseCodec.decode(W3CHttpResponseCodec.java:133)
	at org.openqa.selenium.remote.codec.w3c.W3CHttpResponseCodec.decode(W3CHttpResponseCodec.java:53)
	at org.openqa.selenium.remote.HttpCommandExecutor.execute(HttpCommandExecutor.java:193)
	at org.openqa.selenium.remote.RemoteWebDriver.execute(RemoteWebDriver.java:543)
	at org.openqa.selenium.remote.RemoteWebElement.execute(RemoteWebElement.java:257)
	at org.openqa.selenium.remote.RemoteWebElement.click(RemoteWebElement.java:78)
	at assignment3.automatetestng.main(automatetestng.java:38)
	at java.base/jdk.internal.reflect.NativeMethodAccessorImpl.invoke0(Native Method)
	at java.base/jdk.internal.reflect.NativeMethodAccessorImpl.invoke(NativeMethodAccessorImpl.java:77)
	at java.base/jdk.internal.reflect.DelegatingMethodAccessorImpl.invoke(DelegatingMethodAccessorImpl.java:43)
	at java.base/java.lang.reflect.Method.invoke(Method.java:568)
	at org.testng.internal.MethodInvocationHelper.invokeMethod(MethodInvocationHelper.java:133)
	at org.testng.internal.TestInvoker.invokeMethod(TestInvoker.java:598)
	at org.testng.internal.TestInvoker.invokeTestMethod(TestInvoker.java:173)
	at org.testng.internal.MethodRunner.runInSequence(MethodRunner.java:46)
	at org.testng.internal.TestInvoker$MethodInvocationAgent.invoke(TestInvoker.java:824)
	at org.testng.internal.TestInvoker.invokeTestMethods(TestInvoker.java:146)
	at org.testng.internal.TestMethodWorker.invokeTestMethods(TestMethodWorker.java:146)
	at org.testng.internal.TestMethodWorker.run(TestMethodWorker.java:128)
	at java.base/java.util.ArrayList.forEach(ArrayList.java:1511)
	at org.testng.TestRunner.privateRun(TestRunner.java:794)
	at org.testng.TestRunner.run(TestRunner.java:596)
	at org.testng.SuiteRunner.runTest(SuiteRunner.java:377)
	at org.testng.SuiteRunner.access$000(SuiteRunner.java:28)
	at org.testng.SuiteRunner$SuiteWorker.run(SuiteRunner.java:418)
	at org.testng.internal.thread.ThreadUtil.lambda$execute$0(ThreadUtil.java:64)
	at java.base/java.util.concurrent.FutureTask.run(FutureTask.java:264)
	at java.base/java.util.concurrent.ThreadPoolExecutor.runWorker(ThreadPoolExecutor.java:1136)
	at java.base/java.util.concurrent.ThreadPoolExecutor$Worker.run(ThreadPoolExecutor.java:635)
	at java.base/java.lang.Thread.run(Thread.java:833)

</div> <!-- stack-trace -->
                </div> <!-- method-content -->
              </div> <!-- method -->
            </div> <!-- main-panel-content rounded-window-bottom -->
          </div> <!-- suite-Default_suite-class-failed -->
          <div class="suite-Default_suite-class-passed">
            <div class="main-panel-header rounded-window-top">
              <img src="passed.png"/>
              <span class="class-name">assignment3.automatetestng</span>
            </div> <!-- main-panel-header rounded-window-top -->
            <div class="main-panel-content rounded-window-bottom">
              <div class="method">
                <div class="method-content">
                  <a name="main">
                  </a> <!-- main -->
                  <span class="method-name">main</span>
                </div> <!-- method-content -->
              </div> <!-- method -->
              <div class="method">
                <div class="method-content">
                  <a name="main">
                  </a> <!-- main -->
                  <span class="method-name">main</span>
                </div> <!-- method-content -->
              </div> <!-- method -->
              <div class="method">
                <div class="method-content">
                  <a name="main">
                  </a> <!-- main -->
                  <span class="method-name">main</span>
                </div> <!-- method-content -->
              </div> <!-- method -->
              <div class="method">
                <div class="method-content">
                  <a name="main">
                  </a> <!-- main -->
                  <span class="method-name">main</span>
                </div> <!-- method-content -->
              </div> <!-- method -->
              <div class="method">
                <div class="method-content">
                  <a name="main">
                  </a> <!-- main -->
                  <span class="method-name">main</span>
                </div> <!-- method-content -->
              </div> <!-- method -->
              <div class="method">
                <div class="method-content">
                  <a name="main">
                  </a> <!-- main -->
                  <span class="method-name">main</span>
                </div> <!-- method-content -->
              </div> <!-- method -->
              <div class="method">
                <div class="method-content">
                  <a name="main">
                  </a> <!-- main -->
                  <span class="method-name">main</span>
                </div> <!-- method-content -->
              </div> <!-- method -->
              <div class="method">
                <div class="method-content">
                  <a name="main">
                  </a> <!-- main -->
                  <span class="method-name">main</span>
                </div> <!-- method-content -->
              </div> <!-- method -->
            </div> <!-- main-panel-content rounded-window-bottom -->
          </div> <!-- suite-Default_suite-class-passed -->
        </div> <!-- panel Default_suite -->
        <div panel-name="test-xml-Default_suite" class="panel">
          <div class="main-panel-header rounded-window-top">
            <span class="header-content">/private/var/folders/t2/10_n9w396m39jhbgr4wzwty40000gn/T/testng-eclipse-706397482/testng-customsuite.xml</span>
          </div> <!-- main-panel-header rounded-window-top -->
          <div class="main-panel-content rounded-window-bottom">
            <pre>
&lt;?xml version=&quot;1.0&quot; encoding=&quot;UTF-8&quot;?&gt;
&lt;!DOCTYPE suite SYSTEM &quot;https://testng.org/testng-1.0.dtd&quot;&gt;
&lt;suite thread-count=&quot;24&quot; parallel=&quot;tests&quot; name=&quot;Default suite&quot; guice-stage=&quot;DEVELOPMENT&quot;&gt;
  &lt;test thread-count=&quot;24&quot; name=&quot;Default test-0&quot; verbose=&quot;2&quot;&gt;
    &lt;parameter name=&quot;platform&quot; value=&quot;0&quot;/&gt;
    &lt;classes&gt;
      &lt;class name=&quot;assignment3.automatetestng&quot;/&gt;
    &lt;/classes&gt;
  &lt;/test&gt; &lt;!-- Default test-0 --&gt;
  &lt;test thread-count=&quot;24&quot; name=&quot;Default test-1&quot; verbose=&quot;2&quot;&gt;
    &lt;parameter name=&quot;platform&quot; value=&quot;1&quot;/&gt;
    &lt;classes&gt;
      &lt;class name=&quot;assignment3.automatetestng&quot;/&gt;
    &lt;/classes&gt;
  &lt;/test&gt; &lt;!-- Default test-1 --&gt;
  &lt;test thread-count=&quot;24&quot; name=&quot;Default test-2&quot; verbose=&quot;2&quot;&gt;
    &lt;parameter name=&quot;platform&quot; value=&quot;2&quot;/&gt;
    &lt;classes&gt;
      &lt;class name=&quot;assignment3.automatetestng&quot;/&gt;
    &lt;/classes&gt;
  &lt;/test&gt; &lt;!-- Default test-2 --&gt;
  &lt;test thread-count=&quot;24&quot; name=&quot;Default test-3&quot; verbose=&quot;2&quot;&gt;
    &lt;parameter name=&quot;platform&quot; value=&quot;3&quot;/&gt;
    &lt;classes&gt;
      &lt;class name=&quot;assignment3.automatetestng&quot;/&gt;
    &lt;/classes&gt;
  &lt;/test&gt; &lt;!-- Default test-3 --&gt;
  &lt;test thread-count=&quot;24&quot; name=&quot;Default test-4&quot; verbose=&quot;2&quot;&gt;
    &lt;parameter name=&quot;platform&quot; value=&quot;4&quot;/&gt;
    &lt;classes&gt;
      &lt;class name=&quot;assignment3.automatetestng&quot;/&gt;
    &lt;/classes&gt;
  &lt;/test&gt; &lt;!-- Default test-4 --&gt;
  &lt;test thread-count=&quot;24&quot; name=&quot;Default test-5&quot; verbose=&quot;2&quot;&gt;
    &lt;parameter name=&quot;platform&quot; value=&quot;5&quot;/&gt;
    &lt;classes&gt;
      &lt;class name=&quot;assignment3.automatetestng&quot;/&gt;
    &lt;/classes&gt;
  &lt;/test&gt; &lt;!-- Default test-5 --&gt;
  &lt;test thread-count=&quot;24&quot; name=&quot;Default test-6&quot; verbose=&quot;2&quot;&gt;
    &lt;parameter name=&quot;platform&quot; value=&quot;6&quot;/&gt;
    &lt;classes&gt;
      &lt;class name=&quot;assignment3.automatetestng&quot;/&gt;
    &lt;/classes&gt;
  &lt;/test&gt; &lt;!-- Default test-6 --&gt;
  &lt;test thread-count=&quot;24&quot; name=&quot;Default test-7&quot; verbose=&quot;2&quot;&gt;
    &lt;parameter name=&quot;platform&quot; value=&quot;7&quot;/&gt;
    &lt;classes&gt;
      &lt;class name=&quot;assignment3.automatetestng&quot;/&gt;
    &lt;/classes&gt;
  &lt;/test&gt; &lt;!-- Default test-7 --&gt;
  &lt;test thread-count=&quot;24&quot; name=&quot;Default test-8&quot; verbose=&quot;2&quot;&gt;
    &lt;parameter name=&quot;platform&quot; value=&quot;8&quot;/&gt;
    &lt;classes&gt;
      &lt;class name=&quot;assignment3.automatetestng&quot;/&gt;
    &lt;/classes&gt;
  &lt;/test&gt; &lt;!-- Default test-8 --&gt;
  &lt;test thread-count=&quot;24&quot; name=&quot;Default test-9&quot; verbose=&quot;2&quot;&gt;
    &lt;parameter name=&quot;platform&quot; value=&quot;9&quot;/&gt;
    &lt;classes&gt;
      &lt;class name=&quot;assignment3.automatetestng&quot;/&gt;
    &lt;/classes&gt;
  &lt;/test&gt; &lt;!-- Default test-9 --&gt;
  &lt;test thread-count=&quot;24&quot; name=&quot;Default test-10&quot; verbose=&quot;2&quot;&gt;
    &lt;parameter name=&quot;platform&quot; value=&quot;10&quot;/&gt;
    &lt;classes&gt;
      &lt;class name=&quot;assignment3.automatetestng&quot;/&gt;
    &lt;/classes&gt;
  &lt;/test&gt; &lt;!-- Default test-10 --&gt;
  &lt;test thread-count=&quot;24&quot; name=&quot;Default test-11&quot; verbose=&quot;2&quot;&gt;
    &lt;parameter name=&quot;platform&quot; value=&quot;11&quot;/&gt;
    &lt;classes&gt;
      &lt;class name=&quot;assignment3.automatetestng&quot;/&gt;
    &lt;/classes&gt;
  &lt;/test&gt; &lt;!-- Default test-11 --&gt;
&lt;/suite&gt; &lt;!-- Default suite --&gt;
            </pre>
          </div> <!-- main-panel-content rounded-window-bottom -->
        </div> <!-- panel -->
        <div panel-name="testlist-Default_suite" class="panel">
          <div class="main-panel-header rounded-window-top">
            <span class="header-content">Tests for Default suite</span>
          </div> <!-- main-panel-header rounded-window-top -->
          <div class="main-panel-content rounded-window-bottom">
            <ul>
              <li>
                <span class="test-name">Default test-0 (1 class)</span>
              </li>
              <li>
                <span class="test-name">Default test-1 (1 class)</span>
              </li>
              <li>
                <span class="test-name">Default test-2 (1 class)</span>
              </li>
              <li>
                <span class="test-name">Default test-3 (1 class)</span>
              </li>
              <li>
                <span class="test-name">Default test-4 (1 class)</span>
              </li>
              <li>
                <span class="test-name">Default test-5 (1 class)</span>
              </li>
              <li>
                <span class="test-name">Default test-6 (1 class)</span>
              </li>
              <li>
                <span class="test-name">Default test-7 (1 class)</span>
              </li>
              <li>
                <span class="test-name">Default test-8 (1 class)</span>
              </li>
              <li>
                <span class="test-name">Default test-9 (1 class)</span>
              </li>
              <li>
                <span class="test-name">Default test-10 (1 class)</span>
              </li>
              <li>
                <span class="test-name">Default test-11 (1 class)</span>
              </li>
            </ul>
          </div> <!-- main-panel-content rounded-window-bottom -->
        </div> <!-- panel -->
        <div panel-name="group-Default_suite" class="panel">
          <div class="main-panel-header rounded-window-top">
            <span class="header-content">Groups for Default suite</span>
          </div> <!-- main-panel-header rounded-window-top -->
          <div class="main-panel-content rounded-window-bottom">
          </div> <!-- main-panel-content rounded-window-bottom -->
        </div> <!-- panel -->
        <div panel-name="times-Default_suite" class="panel">
          <div class="main-panel-header rounded-window-top">
            <span class="header-content">Times for Default suite</span>
          </div> <!-- main-panel-header rounded-window-top -->
          <div class="main-panel-content rounded-window-bottom">
            <div class="times-div">
              <script type="text/javascript">
suiteTableInitFunctions.push('tableData_Default_suite');
function tableData_Default_suite() {
var data = new google.visualization.DataTable();
data.addColumn('number', 'Number');
data.addColumn('string', 'Method');
data.addColumn('string', 'Class');
data.addColumn('number', 'Time (ms)');
data.addRows(12);
data.setCell(0, 0, 0)
data.setCell(0, 1, 'main')
data.setCell(0, 2, 'assignment3.automatetestng')
data.setCell(0, 3, 59174);
data.setCell(1, 0, 1)
data.setCell(1, 1, 'main')
data.setCell(1, 2, 'assignment3.automatetestng')
data.setCell(1, 3, 52719);
data.setCell(2, 0, 2)
data.setCell(2, 1, 'main')
data.setCell(2, 2, 'assignment3.automatetestng')
data.setCell(2, 3, 49291);
data.setCell(3, 0, 3)
data.setCell(3, 1, 'main')
data.setCell(3, 2, 'assignment3.automatetestng')
data.setCell(3, 3, 48157);
data.setCell(4, 0, 4)
data.setCell(4, 1, 'main')
data.setCell(4, 2, 'assignment3.automatetestng')
data.setCell(4, 3, 46550);
data.setCell(5, 0, 5)
data.setCell(5, 1, 'main')
data.setCell(5, 2, 'assignment3.automatetestng')
data.setCell(5, 3, 40215);
data.setCell(6, 0, 6)
data.setCell(6, 1, 'main')
data.setCell(6, 2, 'assignment3.automatetestng')
data.setCell(6, 3, 39097);
data.setCell(7, 0, 7)
data.setCell(7, 1, 'main')
data.setCell(7, 2, 'assignment3.automatetestng')
data.setCell(7, 3, 37199);
data.setCell(8, 0, 8)
data.setCell(8, 1, 'main')
data.setCell(8, 2, 'assignment3.automatetestng')
data.setCell(8, 3, 33216);
data.setCell(9, 0, 9)
data.setCell(9, 1, 'main')
data.setCell(9, 2, 'assignment3.automatetestng')
data.setCell(9, 3, 27121);
data.setCell(10, 0, 10)
data.setCell(10, 1, 'main')
data.setCell(10, 2, 'assignment3.automatetestng')
data.setCell(10, 3, 15508);
data.setCell(11, 0, 11)
data.setCell(11, 1, 'main')
data.setCell(11, 2, 'assignment3.automatetestng')
data.setCell(11, 3, 12698);
window.suiteTableData['Default_suite']= { tableData: data, tableDiv: 'times-div-Default_suite'}
return data;
}
              </script>
              <span class="suite-total-time">Total running time: 59 seconds</span>
              <div id="times-div-Default_suite">
              </div> <!-- times-div-Default_suite -->
            </div> <!-- times-div -->
          </div> <!-- main-panel-content rounded-window-bottom -->
        </div> <!-- panel -->
        <div panel-name="reporter-Default_suite" class="panel">
          <div class="main-panel-header rounded-window-top">
            <span class="header-content">Reporter output for Default suite</span>
          </div> <!-- main-panel-header rounded-window-top -->
          <div class="main-panel-content rounded-window-bottom">
          </div> <!-- main-panel-content rounded-window-bottom -->
        </div> <!-- panel -->
        <div panel-name="ignored-methods-Default_suite" class="panel">
          <div class="main-panel-header rounded-window-top">
            <span class="header-content">0 ignored methods</span>
          </div> <!-- main-panel-header rounded-window-top -->
          <div class="main-panel-content rounded-window-bottom">
          </div> <!-- main-panel-content rounded-window-bottom -->
        </div> <!-- panel -->
        <div panel-name="chronological-Default_suite" class="panel">
          <div class="main-panel-header rounded-window-top">
            <span class="header-content">Methods in chronological order</span>
          </div> <!-- main-panel-header rounded-window-top -->
          <div class="main-panel-content rounded-window-bottom">
            <div class="chronological-class">
              <div class="chronological-class-name">assignment3.automatetestng</div> <!-- chronological-class-name -->
              <div class="test-method">
                <span class="method-name">main</span>
                <span class="method-start">0 ms</span>
              </div> <!-- test-method -->
              <div class="test-method">
                <span class="method-name">main</span>
                <span class="method-start">0 ms</span>
              </div> <!-- test-method -->
              <div class="test-method">
                <span class="method-name">main</span>
                <span class="method-start">0 ms</span>
              </div> <!-- test-method -->
              <div class="test-method">
                <span class="method-name">main</span>
                <span class="method-start">0 ms</span>
              </div> <!-- test-method -->
              <div class="test-method">
                <span class="method-name">main</span>
                <span class="method-start">0 ms</span>
              </div> <!-- test-method -->
              <div class="test-method">
                <span class="method-name">main</span>
                <span class="method-start">0 ms</span>
              </div> <!-- test-method -->
              <div class="test-method">
                <img src="failed.png">
                </img>
                <span class="method-name">main</span>
                <span class="method-start">0 ms</span>
              </div> <!-- test-method -->
              <div class="test-method">
                <img src="failed.png">
                </img>
                <span class="method-name">main</span>
                <span class="method-start">0 ms</span>
              </div> <!-- test-method -->
              <div class="test-method">
                <span class="method-name">main</span>
                <span class="method-start">0 ms</span>
              </div> <!-- test-method -->
              <div class="test-method">
                <span class="method-name">main</span>
                <span class="method-start">0 ms</span>
              </div> <!-- test-method -->
              <div class="test-method">
                <img src="failed.png">
                </img>
                <span class="method-name">main</span>
                <span class="method-start">0 ms</span>
              </div> <!-- test-method -->
              <div class="test-method">
                <img src="failed.png">
                </img>
                <span class="method-name">main</span>
                <span class="method-start">0 ms</span>
              </div> <!-- test-method -->
          </div> <!-- main-panel-content rounded-window-bottom -->
        </div> <!-- panel -->
      </div> <!-- main-panel-root -->
    </div> <!-- wrapper -->
  </body>
<script type="text/javascript" src="testng-reports2.js"></script>
</html>
