<?xml version="1.0" encoding="UTF-8"?>
<testng-results ignored="0" total="12" passed="8" failed="4" skipped="0">
  <reporter-output>
  </reporter-output>
  <suite started-at="2023-06-07T18:51:23 IST" name="Default suite" finished-at="2023-06-07T18:52:23 IST" duration-ms="59303">
    <groups>
    </groups>
    <test started-at="2023-06-07T18:51:23 IST" name="Default test-6" finished-at="2023-06-07T18:51:36 IST" duration-ms="12845">
      <class name="assignment3.automatetestng">
        <test-method signature="main()[pri:0, instance:assignment3.automatetestng@4a31c2ee]" started-at="2023-06-07T18:51:23 IST" name="main" finished-at="2023-06-07T18:51:36 IST" duration-ms="12698" status="FAIL">
          <exception class="org.openqa.selenium.NoSuchElementException">
            <message>
              <![CDATA[Cannot find element(s) with css selector
For documentation on this error, please visit: http://seleniumhq.org/exceptions/no_such_element.html
Build info: version: '2.43.1', revision: '5163bce', time: '2014-09-10 16:27:33'
System info: host: 'mac-193-186-253-36.browserstack.com', ip: '193.186.253.36', os.name: 'Mac OS X', os.arch: 'x86_64', os.version: '10.14.6', java.version: '1.8.0_181'
Driver info: driver.version: EventFiringWebDriver
For documentation on this error, please visit: https://selenium.dev/exceptions/#no_such_element
Build info: version: '4.9.1', revision: 'eb2032df7f'
System info: os.name: 'Mac OS X', os.arch: 'aarch64', os.version: '12.5', java.version: '17.0.5'
Driver info: org.openqa.selenium.chrome.ChromeDriver
Command: [39fad337adce68003c7b6a2e585e3550bdc2c2ea, findElement {using=id, value=user_email_login}]
Capabilities {64bit: false, acceptSslCert: true, acceptSslCerts: true, browser: opera, browserName: opera, browser_name: Opera, browser_version: 12.15, browserstack.appium_version: , browserstack.buildIdentifier: 24, browserstack.consoleLogs: info, browserstack.hostName: JohnJose-FVFJ6DNG1WFV, browserstack.is_hub_canary: false, browserstack.useChromeDriver: true, bstack:options: {browser: Opera, browserName: Opera, browserVersion: 12.15, browserstackSDK: testng-javaagent/1.6.0, buildIdentifier: 24, buildName: JohnAutomateTestng 24, consoleLogs: info, hostName: JohnJose-FVFJ6DNG1WFV, networkLogs: true, os: OS X, osVersion: Mojave, projectName: JohnAutomateAssignment, source: testng:sdk-archetype-integr..., useW3C: true}, buildName: JohnAutomateTestng 24, cssSelectorsEnabled: true, detected_language: selenium/4.9.1 (java mac), javascriptEnabled: true, new_bucketing: true, opera.arguments: {debugproxy: 127.0.0.1:41497, pd: /var/folders/yj/h3bj394n2tn...}, opera.autostart: true, opera.backend: software, opera.binary: /Applications/opera 12.15.a..., opera.detach: false, opera.host: 127.0.0.1, opera.idle: false, opera.launcher: /Users/test1/.launcher/laun..., opera.logging.level: INFO, opera.no_quit: false, opera.no_restart: false, opera.port: 41497, opera.product: Opera Desktop, opera.runner: com.opera.core.systems.runn..., orig_os: macmo, os: OS X, osVersion: Mojave, os_version: Mojave, platform: MAC, platformName: any, projectName: JohnAutomateAssignment, sessionId: 39fad337adce68003c7b6a2e585..., takesScreenshot: true, version: 12.15, webdriver.remote.sessionid: 39fad337adce68003c7b6a2e585...}
Session ID: 39fad337adce68003c7b6a2e585e3550bdc2c2ea]]>
            </message>
            <full-stacktrace>
              <![CDATA[org.openqa.selenium.NoSuchElementException: Cannot find element(s) with css selector
For documentation on this error, please visit: http://seleniumhq.org/exceptions/no_such_element.html
Build info: version: '2.43.1', revision: '5163bce', time: '2014-09-10 16:27:33'
System info: host: 'mac-193-186-253-36.browserstack.com', ip: '193.186.253.36', os.name: 'Mac OS X', os.arch: 'x86_64', os.version: '10.14.6', java.version: '1.8.0_181'
Driver info: driver.version: EventFiringWebDriver
For documentation on this error, please visit: https://selenium.dev/exceptions/#no_such_element
Build info: version: '4.9.1', revision: 'eb2032df7f'
System info: os.name: 'Mac OS X', os.arch: 'aarch64', os.version: '12.5', java.version: '17.0.5'
Driver info: org.openqa.selenium.chrome.ChromeDriver
Command: [39fad337adce68003c7b6a2e585e3550bdc2c2ea, findElement {using=id, value=user_email_login}]
Capabilities {64bit: false, acceptSslCert: true, acceptSslCerts: true, browser: opera, browserName: opera, browser_name: Opera, browser_version: 12.15, browserstack.appium_version: , browserstack.buildIdentifier: 24, browserstack.consoleLogs: info, browserstack.hostName: JohnJose-FVFJ6DNG1WFV, browserstack.is_hub_canary: false, browserstack.useChromeDriver: true, bstack:options: {browser: Opera, browserName: Opera, browserVersion: 12.15, browserstackSDK: testng-javaagent/1.6.0, buildIdentifier: 24, buildName: JohnAutomateTestng 24, consoleLogs: info, hostName: JohnJose-FVFJ6DNG1WFV, networkLogs: true, os: OS X, osVersion: Mojave, projectName: JohnAutomateAssignment, source: testng:sdk-archetype-integr..., useW3C: true}, buildName: JohnAutomateTestng 24, cssSelectorsEnabled: true, detected_language: selenium/4.9.1 (java mac), javascriptEnabled: true, new_bucketing: true, opera.arguments: {debugproxy: 127.0.0.1:41497, pd: /var/folders/yj/h3bj394n2tn...}, opera.autostart: true, opera.backend: software, opera.binary: /Applications/opera 12.15.a..., opera.detach: false, opera.host: 127.0.0.1, opera.idle: false, opera.launcher: /Users/test1/.launcher/laun..., opera.logging.level: INFO, opera.no_quit: false, opera.no_restart: false, opera.port: 41497, opera.product: Opera Desktop, opera.runner: com.opera.core.systems.runn..., orig_os: macmo, os: OS X, osVersion: Mojave, os_version: Mojave, platform: MAC, platformName: any, projectName: JohnAutomateAssignment, sessionId: 39fad337adce68003c7b6a2e585..., takesScreenshot: true, version: 12.15, webdriver.remote.sessionid: 39fad337adce68003c7b6a2e585...}
Session ID: 39fad337adce68003c7b6a2e585e3550bdc2c2ea
at java.base/jdk.internal.reflect.NativeConstructorAccessorImpl.newInstance0(Native Method)
at java.base/jdk.internal.reflect.NativeConstructorAccessorImpl.newInstance(NativeConstructorAccessorImpl.java:77)
at java.base/jdk.internal.reflect.DelegatingConstructorAccessorImpl.newInstance(DelegatingConstructorAccessorImpl.java:45)
at java.base/java.lang.reflect.Constructor.newInstanceWithCaller(Constructor.java:499)
at java.base/java.lang.reflect.Constructor.newInstance(Constructor.java:480)
at org.openqa.selenium.remote.codec.w3c.W3CHttpResponseCodec.createException(W3CHttpResponseCodec.java:200)
at org.openqa.selenium.remote.codec.w3c.W3CHttpResponseCodec.decode(W3CHttpResponseCodec.java:133)
at org.openqa.selenium.remote.codec.w3c.W3CHttpResponseCodec.decode(W3CHttpResponseCodec.java:53)
at org.openqa.selenium.remote.HttpCommandExecutor.execute(HttpCommandExecutor.java:193)
at org.openqa.selenium.remote.RemoteWebDriver.execute(RemoteWebDriver.java:543)
at org.openqa.selenium.remote.ElementLocation$ElementFinder$2.findElement(ElementLocation.java:162)
at org.openqa.selenium.remote.ElementLocation.findElement(ElementLocation.java:66)
at org.openqa.selenium.remote.RemoteWebDriver.findElement(RemoteWebDriver.java:352)
at org.openqa.selenium.remote.RemoteWebDriver.findElement(RemoteWebDriver.java:344)
at assignment3.automatetestng.main(automatetestng.java:32)
at java.base/jdk.internal.reflect.NativeMethodAccessorImpl.invoke0(Native Method)
at java.base/jdk.internal.reflect.NativeMethodAccessorImpl.invoke(NativeMethodAccessorImpl.java:77)
at java.base/jdk.internal.reflect.DelegatingMethodAccessorImpl.invoke(DelegatingMethodAccessorImpl.java:43)
at java.base/java.lang.reflect.Method.invoke(Method.java:568)
at org.testng.internal.MethodInvocationHelper.invokeMethod(MethodInvocationHelper.java:133)
at org.testng.internal.TestInvoker.invokeMethod(TestInvoker.java:598)
at org.testng.internal.TestInvoker.invokeTestMethod(TestInvoker.java:173)
at org.testng.internal.MethodRunner.runInSequence(MethodRunner.java:46)
at org.testng.internal.TestInvoker$MethodInvocationAgent.invoke(TestInvoker.java:824)
at org.testng.internal.TestInvoker.invokeTestMethods(TestInvoker.java:146)
at org.testng.internal.TestMethodWorker.invokeTestMethods(TestMethodWorker.java:146)
at org.testng.internal.TestMethodWorker.run(TestMethodWorker.java:128)
at java.base/java.util.ArrayList.forEach(ArrayList.java:1511)
at org.testng.TestRunner.privateRun(TestRunner.java:794)
at org.testng.TestRunner.run(TestRunner.java:596)
at org.testng.SuiteRunner.runTest(SuiteRunner.java:377)
at org.testng.SuiteRunner.access$000(SuiteRunner.java:28)
at org.testng.SuiteRunner$SuiteWorker.run(SuiteRunner.java:418)
at org.testng.internal.thread.ThreadUtil.lambda$execute$0(ThreadUtil.java:64)
at java.base/java.util.concurrent.FutureTask.run(FutureTask.java:264)
at java.base/java.util.concurrent.ThreadPoolExecutor.runWorker(ThreadPoolExecutor.java:1136)
at java.base/java.util.concurrent.ThreadPoolExecutor$Worker.run(ThreadPoolExecutor.java:635)
at java.base/java.lang.Thread.run(Thread.java:833)
]]>
            </full-stacktrace>
          </exception> <!-- org.openqa.selenium.NoSuchElementException -->
          <reporter-output>
          </reporter-output>
        </test-method> <!-- main -->
      </class> <!-- assignment3.automatetestng -->
    </test> <!-- Default test-6 -->
    <test started-at="2023-06-07T18:51:23 IST" name="Default test-7" finished-at="2023-06-07T18:51:39 IST" duration-ms="15618">
      <class name="assignment3.automatetestng">
        <test-method signature="main()[pri:0, instance:assignment3.automatetestng@13e698c7]" started-at="2023-06-07T18:51:23 IST" name="main" finished-at="2023-06-07T18:51:39 IST" duration-ms="15508" status="FAIL">
          <exception class="org.openqa.selenium.NoSuchElementException">
            <message>
              <![CDATA[Cannot find element(s) with css selector
For documentation on this error, please visit: http://seleniumhq.org/exceptions/no_such_element.html
Build info: version: '2.43.1', revision: '5163bce', time: '2014-09-10 16:27:33'
System info: host: 'mac-193-186-253-21.browserstack.com', ip: '193.186.253.21', os.name: 'Mac OS X', os.arch: 'x86_64', os.version: '10.13.6', java.version: '1.8.0_181'
Driver info: driver.version: EventFiringWebDriver
For documentation on this error, please visit: https://selenium.dev/exceptions/#no_such_element
Build info: version: '4.9.1', revision: 'eb2032df7f'
System info: os.name: 'Mac OS X', os.arch: 'aarch64', os.version: '12.5', java.version: '17.0.5'
Driver info: org.openqa.selenium.chrome.ChromeDriver
Command: [73a1e2b96eda909acaf4de3cdf0be587377757ab, findElement {using=id, value=user_email_login}]
Capabilities {64bit: false, acceptSslCert: true, acceptSslCerts: true, browser: opera, browserName: opera, browser_name: Opera, browser_version: 12.15, browserstack.appium_version: , browserstack.buildIdentifier: 24, browserstack.consoleLogs: info, browserstack.hostName: JohnJose-FVFJ6DNG1WFV, browserstack.is_hub_canary: false, browserstack.useChromeDriver: true, bstack:options: {browser: Opera, browserName: Opera, browserVersion: 12.15, browserstackSDK: testng-javaagent/1.6.0, buildIdentifier: 24, buildName: JohnAutomateTestng 24, consoleLogs: info, hostName: JohnJose-FVFJ6DNG1WFV, networkLogs: true, os: OS X, osVersion: High Sierra, projectName: JohnAutomateAssignment, source: testng:sdk-archetype-integr..., useW3C: true}, buildName: JohnAutomateTestng 24, cssSelectorsEnabled: true, detected_language: selenium/4.9.1 (java mac), javascriptEnabled: true, new_bucketing: true, opera.arguments: {debugproxy: 127.0.0.1:24930, pd: /var/folders/yj/h3bj394n2tn...}, opera.autostart: true, opera.backend: software, opera.binary: /Applications/opera 12.15.a..., opera.detach: false, opera.host: 127.0.0.1, opera.idle: false, opera.launcher: /Users/test1/.launcher/laun..., opera.logging.level: INFO, opera.no_quit: false, opera.no_restart: false, opera.port: 24930, opera.product: Opera Desktop, opera.runner: com.opera.core.systems.runn..., orig_os: machs, os: OS X, osVersion: High Sierra, os_version: High Sierra, platform: MAC, platformName: any, projectName: JohnAutomateAssignment, sessionId: 73a1e2b96eda909acaf4de3cdf0..., takesScreenshot: true, version: 12.15, webdriver.remote.sessionid: 73a1e2b96eda909acaf4de3cdf0...}
Session ID: 73a1e2b96eda909acaf4de3cdf0be587377757ab]]>
            </message>
            <full-stacktrace>
              <![CDATA[org.openqa.selenium.NoSuchElementException: Cannot find element(s) with css selector
For documentation on this error, please visit: http://seleniumhq.org/exceptions/no_such_element.html
Build info: version: '2.43.1', revision: '5163bce', time: '2014-09-10 16:27:33'
System info: host: 'mac-193-186-253-21.browserstack.com', ip: '193.186.253.21', os.name: 'Mac OS X', os.arch: 'x86_64', os.version: '10.13.6', java.version: '1.8.0_181'
Driver info: driver.version: EventFiringWebDriver
For documentation on this error, please visit: https://selenium.dev/exceptions/#no_such_element
Build info: version: '4.9.1', revision: 'eb2032df7f'
System info: os.name: 'Mac OS X', os.arch: 'aarch64', os.version: '12.5', java.version: '17.0.5'
Driver info: org.openqa.selenium.chrome.ChromeDriver
Command: [73a1e2b96eda909acaf4de3cdf0be587377757ab, findElement {using=id, value=user_email_login}]
Capabilities {64bit: false, acceptSslCert: true, acceptSslCerts: true, browser: opera, browserName: opera, browser_name: Opera, browser_version: 12.15, browserstack.appium_version: , browserstack.buildIdentifier: 24, browserstack.consoleLogs: info, browserstack.hostName: JohnJose-FVFJ6DNG1WFV, browserstack.is_hub_canary: false, browserstack.useChromeDriver: true, bstack:options: {browser: Opera, browserName: Opera, browserVersion: 12.15, browserstackSDK: testng-javaagent/1.6.0, buildIdentifier: 24, buildName: JohnAutomateTestng 24, consoleLogs: info, hostName: JohnJose-FVFJ6DNG1WFV, networkLogs: true, os: OS X, osVersion: High Sierra, projectName: JohnAutomateAssignment, source: testng:sdk-archetype-integr..., useW3C: true}, buildName: JohnAutomateTestng 24, cssSelectorsEnabled: true, detected_language: selenium/4.9.1 (java mac), javascriptEnabled: true, new_bucketing: true, opera.arguments: {debugproxy: 127.0.0.1:24930, pd: /var/folders/yj/h3bj394n2tn...}, opera.autostart: true, opera.backend: software, opera.binary: /Applications/opera 12.15.a..., opera.detach: false, opera.host: 127.0.0.1, opera.idle: false, opera.launcher: /Users/test1/.launcher/laun..., opera.logging.level: INFO, opera.no_quit: false, opera.no_restart: false, opera.port: 24930, opera.product: Opera Desktop, opera.runner: com.opera.core.systems.runn..., orig_os: machs, os: OS X, osVersion: High Sierra, os_version: High Sierra, platform: MAC, platformName: any, projectName: JohnAutomateAssignment, sessionId: 73a1e2b96eda909acaf4de3cdf0..., takesScreenshot: true, version: 12.15, webdriver.remote.sessionid: 73a1e2b96eda909acaf4de3cdf0...}
Session ID: 73a1e2b96eda909acaf4de3cdf0be587377757ab
at java.base/jdk.internal.reflect.NativeConstructorAccessorImpl.newInstance0(Native Method)
at java.base/jdk.internal.reflect.NativeConstructorAccessorImpl.newInstance(NativeConstructorAccessorImpl.java:77)
at java.base/jdk.internal.reflect.DelegatingConstructorAccessorImpl.newInstance(DelegatingConstructorAccessorImpl.java:45)
at java.base/java.lang.reflect.Constructor.newInstanceWithCaller(Constructor.java:499)
at java.base/java.lang.reflect.Constructor.newInstance(Constructor.java:480)
at org.openqa.selenium.remote.codec.w3c.W3CHttpResponseCodec.createException(W3CHttpResponseCodec.java:200)
at org.openqa.selenium.remote.codec.w3c.W3CHttpResponseCodec.decode(W3CHttpResponseCodec.java:133)
at org.openqa.selenium.remote.codec.w3c.W3CHttpResponseCodec.decode(W3CHttpResponseCodec.java:53)
at org.openqa.selenium.remote.HttpCommandExecutor.execute(HttpCommandExecutor.java:193)
at org.openqa.selenium.remote.RemoteWebDriver.execute(RemoteWebDriver.java:543)
at org.openqa.selenium.remote.ElementLocation$ElementFinder$2.findElement(ElementLocation.java:162)
at org.openqa.selenium.remote.ElementLocation.findElement(ElementLocation.java:66)
at org.openqa.selenium.remote.RemoteWebDriver.findElement(RemoteWebDriver.java:352)
at org.openqa.selenium.remote.RemoteWebDriver.findElement(RemoteWebDriver.java:344)
at assignment3.automatetestng.main(automatetestng.java:32)
at java.base/jdk.internal.reflect.NativeMethodAccessorImpl.invoke0(Native Method)
at java.base/jdk.internal.reflect.NativeMethodAccessorImpl.invoke(NativeMethodAccessorImpl.java:77)
at java.base/jdk.internal.reflect.DelegatingMethodAccessorImpl.invoke(DelegatingMethodAccessorImpl.java:43)
at java.base/java.lang.reflect.Method.invoke(Method.java:568)
at org.testng.internal.MethodInvocationHelper.invokeMethod(MethodInvocationHelper.java:133)
at org.testng.internal.TestInvoker.invokeMethod(TestInvoker.java:598)
at org.testng.internal.TestInvoker.invokeTestMethod(TestInvoker.java:173)
at org.testng.internal.MethodRunner.runInSequence(MethodRunner.java:46)
at org.testng.internal.TestInvoker$MethodInvocationAgent.invoke(TestInvoker.java:824)
at org.testng.internal.TestInvoker.invokeTestMethods(TestInvoker.java:146)
at org.testng.internal.TestMethodWorker.invokeTestMethods(TestMethodWorker.java:146)
at org.testng.internal.TestMethodWorker.run(TestMethodWorker.java:128)
at java.base/java.util.ArrayList.forEach(ArrayList.java:1511)
at org.testng.TestRunner.privateRun(TestRunner.java:794)
at org.testng.TestRunner.run(TestRunner.java:596)
at org.testng.SuiteRunner.runTest(SuiteRunner.java:377)
at org.testng.SuiteRunner.access$000(SuiteRunner.java:28)
at org.testng.SuiteRunner$SuiteWorker.run(SuiteRunner.java:418)
at org.testng.internal.thread.ThreadUtil.lambda$execute$0(ThreadUtil.java:64)
at java.base/java.util.concurrent.FutureTask.run(FutureTask.java:264)
at java.base/java.util.concurrent.ThreadPoolExecutor.runWorker(ThreadPoolExecutor.java:1136)
at java.base/java.util.concurrent.ThreadPoolExecutor$Worker.run(ThreadPoolExecutor.java:635)
at java.base/java.lang.Thread.run(Thread.java:833)
]]>
            </full-stacktrace>
          </exception> <!-- org.openqa.selenium.NoSuchElementException -->
          <reporter-output>
          </reporter-output>
        </test-method> <!-- main -->
      </class> <!-- assignment3.automatetestng -->
    </test> <!-- Default test-7 -->
    <test started-at="2023-06-07T18:51:23 IST" name="Default test-11" finished-at="2023-06-07T18:51:50 IST" duration-ms="27262">
      <class name="assignment3.automatetestng">
        <test-method signature="main()[pri:0, instance:assignment3.automatetestng@464a4442]" started-at="2023-06-07T18:51:23 IST" name="main" finished-at="2023-06-07T18:51:50 IST" duration-ms="27121" status="FAIL">
          <exception class="org.openqa.selenium.ElementClickInterceptedException">
            <message>
              <![CDATA[element click intercepted: Element <input type="submit" name="commit" value="Sign me in" id="user_submit" class="btn btn-primary col-center users-sessions-new" data-disable-with="Signing in..."> is not clickable at point (180, 463). Other element would receive the click: <p class="cookie-notification__text">...</p>
  (Session info: chrome=102.0.5005.125)
Build info: version: '4.9.1', revision: 'eb2032df7f'
System info: os.name: 'Mac OS X', os.arch: 'aarch64', os.version: '12.5', java.version: '17.0.5'
Driver info: org.openqa.selenium.chrome.ChromeDriver
Command: [1b0db98d8b1df825cba8db3791ea76e157bca990, clickElement {id=99f9e96e-a213-427f-a507-18a024a93cb1}]
Capabilities {appActivity: .SBrowserMainActivity, appPackage: com.sec.android.app.sbrowser, chromedriverArgs: [--adb-port=5038], chromedriverPort: 18084, databaseEnabled: false, desired: {appActivity: .SBrowserMainActivity, appPackage: com.sec.android.app.sbrowser, chromedriverArgs: [--adb-port=5038], chromedriverPort: 18084, goog:chromeOptions: {androidDeviceSocket: Terrace_devtools_remote, androidExecName: Terrace, args: [--remote-allow-origins=*]}, newCommandTimeout: 0, noReset: true, platformName: Android, skipServerInstallation: true, systemPort: 8204, udid: RZCW40CY83J}, deviceApiLevel: 33, deviceManufacturer: samsung, deviceModel: SM-S911B, deviceName: RZCW40CY83J, deviceScreenDensity: 480, deviceScreenSize: 1080x2340, deviceUDID: RZCW40CY83J, goog:chromeOptions: {androidDeviceSocket: Terrace_devtools_remote, androidExecName: Terrace, args: [--remote-allow-origins=*]}, javascriptEnabled: true, locationContextEnabled: false, networkConnectionEnabled: true, newCommandTimeout: 0, noReset: true, pixelRatio: 3, platform: LINUX, platformName: ANDROID, platformVersion: 13, skipServerInstallation: true, statBarHeight: 81, systemPort: 8204, takesScreenshot: true, udid: RZCW40CY83J, viewportRect: {height: 2034, left: 0, top: 81, width: 1080}, warnings: {}, webStorageEnabled: false}
Element: [[ChromeDriver:  on ANDROID (1b0db98d8b1df825cba8db3791ea76e157bca990)] -> name: commit]
Session ID: 1b0db98d8b1df825cba8db3791ea76e157bca990]]>
            </message>
            <full-stacktrace>
              <![CDATA[org.openqa.selenium.ElementClickInterceptedException: element click intercepted: Element <input type="submit" name="commit" value="Sign me in" id="user_submit" class="btn btn-primary col-center users-sessions-new" data-disable-with="Signing in..."> is not clickable at point (180, 463). Other element would receive the click: <p class="cookie-notification__text">...</p>
  (Session info: chrome=102.0.5005.125)
Build info: version: '4.9.1', revision: 'eb2032df7f'
System info: os.name: 'Mac OS X', os.arch: 'aarch64', os.version: '12.5', java.version: '17.0.5'
Driver info: org.openqa.selenium.chrome.ChromeDriver
Command: [1b0db98d8b1df825cba8db3791ea76e157bca990, clickElement {id=99f9e96e-a213-427f-a507-18a024a93cb1}]
Capabilities {appActivity: .SBrowserMainActivity, appPackage: com.sec.android.app.sbrowser, chromedriverArgs: [--adb-port=5038], chromedriverPort: 18084, databaseEnabled: false, desired: {appActivity: .SBrowserMainActivity, appPackage: com.sec.android.app.sbrowser, chromedriverArgs: [--adb-port=5038], chromedriverPort: 18084, goog:chromeOptions: {androidDeviceSocket: Terrace_devtools_remote, androidExecName: Terrace, args: [--remote-allow-origins=*]}, newCommandTimeout: 0, noReset: true, platformName: Android, skipServerInstallation: true, systemPort: 8204, udid: RZCW40CY83J}, deviceApiLevel: 33, deviceManufacturer: samsung, deviceModel: SM-S911B, deviceName: RZCW40CY83J, deviceScreenDensity: 480, deviceScreenSize: 1080x2340, deviceUDID: RZCW40CY83J, goog:chromeOptions: {androidDeviceSocket: Terrace_devtools_remote, androidExecName: Terrace, args: [--remote-allow-origins=*]}, javascriptEnabled: true, locationContextEnabled: false, networkConnectionEnabled: true, newCommandTimeout: 0, noReset: true, pixelRatio: 3, platform: LINUX, platformName: ANDROID, platformVersion: 13, skipServerInstallation: true, statBarHeight: 81, systemPort: 8204, takesScreenshot: true, udid: RZCW40CY83J, viewportRect: {height: 2034, left: 0, top: 81, width: 1080}, warnings: {}, webStorageEnabled: false}
Element: [[ChromeDriver:  on ANDROID (1b0db98d8b1df825cba8db3791ea76e157bca990)] -> name: commit]
Session ID: 1b0db98d8b1df825cba8db3791ea76e157bca990
at java.base/jdk.internal.reflect.NativeConstructorAccessorImpl.newInstance0(Native Method)
at java.base/jdk.internal.reflect.NativeConstructorAccessorImpl.newInstance(NativeConstructorAccessorImpl.java:77)
at java.base/jdk.internal.reflect.DelegatingConstructorAccessorImpl.newInstance(DelegatingConstructorAccessorImpl.java:45)
at java.base/java.lang.reflect.Constructor.newInstanceWithCaller(Constructor.java:499)
at java.base/java.lang.reflect.Constructor.newInstance(Constructor.java:480)
at org.openqa.selenium.remote.codec.w3c.W3CHttpResponseCodec.createException(W3CHttpResponseCodec.java:200)
at org.openqa.selenium.remote.codec.w3c.W3CHttpResponseCodec.decode(W3CHttpResponseCodec.java:133)
at org.openqa.selenium.remote.codec.w3c.W3CHttpResponseCodec.decode(W3CHttpResponseCodec.java:53)
at org.openqa.selenium.remote.HttpCommandExecutor.execute(HttpCommandExecutor.java:193)
at org.openqa.selenium.remote.RemoteWebDriver.execute(RemoteWebDriver.java:543)
at org.openqa.selenium.remote.RemoteWebElement.execute(RemoteWebElement.java:257)
at org.openqa.selenium.remote.RemoteWebElement.click(RemoteWebElement.java:78)
at assignment3.automatetestng.main(automatetestng.java:38)
at java.base/jdk.internal.reflect.NativeMethodAccessorImpl.invoke0(Native Method)
at java.base/jdk.internal.reflect.NativeMethodAccessorImpl.invoke(NativeMethodAccessorImpl.java:77)
at java.base/jdk.internal.reflect.DelegatingMethodAccessorImpl.invoke(DelegatingMethodAccessorImpl.java:43)
at java.base/java.lang.reflect.Method.invoke(Method.java:568)
at org.testng.internal.MethodInvocationHelper.invokeMethod(MethodInvocationHelper.java:133)
at org.testng.internal.TestInvoker.invokeMethod(TestInvoker.java:598)
at org.testng.internal.TestInvoker.invokeTestMethod(TestInvoker.java:173)
at org.testng.internal.MethodRunner.runInSequence(MethodRunner.java:46)
at org.testng.internal.TestInvoker$MethodInvocationAgent.invoke(TestInvoker.java:824)
at org.testng.internal.TestInvoker.invokeTestMethods(TestInvoker.java:146)
at org.testng.internal.TestMethodWorker.invokeTestMethods(TestMethodWorker.java:146)
at org.testng.internal.TestMethodWorker.run(TestMethodWorker.java:128)
at java.base/java.util.ArrayList.forEach(ArrayList.java:1511)
at org.testng.TestRunner.privateRun(TestRunner.java:794)
at org.testng.TestRunner.run(TestRunner.java:596)
at org.testng.SuiteRunner.runTest(SuiteRunner.java:377)
at org.testng.SuiteRunner.access$000(SuiteRunner.java:28)
at org.testng.SuiteRunner$SuiteWorker.run(SuiteRunner.java:418)
at org.testng.internal.thread.ThreadUtil.lambda$execute$0(ThreadUtil.java:64)
at java.base/java.util.concurrent.FutureTask.run(FutureTask.java:264)
at java.base/java.util.concurrent.ThreadPoolExecutor.runWorker(ThreadPoolExecutor.java:1136)
at java.base/java.util.concurrent.ThreadPoolExecutor$Worker.run(ThreadPoolExecutor.java:635)
at java.base/java.lang.Thread.run(Thread.java:833)
]]>
            </full-stacktrace>
          </exception> <!-- org.openqa.selenium.ElementClickInterceptedException -->
          <reporter-output>
          </reporter-output>
        </test-method> <!-- main -->
      </class> <!-- assignment3.automatetestng -->
    </test> <!-- Default test-11 -->
    <test started-at="2023-06-07T18:51:23 IST" name="Default test-9" finished-at="2023-06-07T18:51:59 IST" duration-ms="35653">
      <class name="assignment3.automatetestng">
        <test-method signature="main()[pri:0, instance:assignment3.automatetestng@469d003c]" started-at="2023-06-07T18:51:23 IST" name="main" finished-at="2023-06-07T18:51:56 IST" duration-ms="33216" status="PASS">
          <reporter-output>
          </reporter-output>
        </test-method> <!-- main -->
      </class> <!-- assignment3.automatetestng -->
    </test> <!-- Default test-9 -->
    <test started-at="2023-06-07T18:51:23 IST" name="Default test-0" finished-at="2023-06-07T18:52:04 IST" duration-ms="40330">
      <class name="assignment3.automatetestng">
        <test-method signature="main()[pri:0, instance:assignment3.automatetestng@5f212d84]" started-at="2023-06-07T18:51:23 IST" name="main" finished-at="2023-06-07T18:52:00 IST" duration-ms="37199" status="PASS">
          <reporter-output>
          </reporter-output>
        </test-method> <!-- main -->
      </class> <!-- assignment3.automatetestng -->
    </test> <!-- Default test-0 -->
    <test started-at="2023-06-07T18:51:23 IST" name="Default test-1" finished-at="2023-06-07T18:52:05 IST" duration-ms="41743">
      <class name="assignment3.automatetestng">
        <test-method signature="main()[pri:0, instance:assignment3.automatetestng@3044e9c7]" started-at="2023-06-07T18:51:23 IST" name="main" finished-at="2023-06-07T18:52:02 IST" duration-ms="39097" status="PASS">
          <reporter-output>
          </reporter-output>
        </test-method> <!-- main -->
      </class> <!-- assignment3.automatetestng -->
    </test> <!-- Default test-1 -->
    <test started-at="2023-06-07T18:51:23 IST" name="Default test-8" finished-at="2023-06-07T18:52:06 IST" duration-ms="42699">
      <class name="assignment3.automatetestng">
        <test-method signature="main()[pri:0, instance:assignment3.automatetestng@5a101b1c]" started-at="2023-06-07T18:51:23 IST" name="main" finished-at="2023-06-07T18:52:03 IST" duration-ms="40215" status="PASS">
          <reporter-output>
          </reporter-output>
        </test-method> <!-- main -->
      </class> <!-- assignment3.automatetestng -->
    </test> <!-- Default test-8 -->
    <test started-at="2023-06-07T18:51:23 IST" name="Default test-2" finished-at="2023-06-07T18:52:12 IST" duration-ms="49016">
      <class name="assignment3.automatetestng">
        <test-method signature="main()[pri:0, instance:assignment3.automatetestng@213deac2]" started-at="2023-06-07T18:51:23 IST" name="main" finished-at="2023-06-07T18:52:10 IST" duration-ms="46550" status="PASS">
          <reporter-output>
          </reporter-output>
        </test-method> <!-- main -->
      </class> <!-- assignment3.automatetestng -->
    </test> <!-- Default test-2 -->
    <test started-at="2023-06-07T18:51:23 IST" name="Default test-5" finished-at="2023-06-07T18:52:14 IST" duration-ms="50571">
      <class name="assignment3.automatetestng">
        <test-method signature="main()[pri:0, instance:assignment3.automatetestng@12477988]" started-at="2023-06-07T18:51:23 IST" name="main" finished-at="2023-06-07T18:52:11 IST" duration-ms="48157" status="PASS">
          <reporter-output>
          </reporter-output>
        </test-method> <!-- main -->
      </class> <!-- assignment3.automatetestng -->
    </test> <!-- Default test-5 -->
    <test started-at="2023-06-07T18:51:23 IST" name="Default test-4" finished-at="2023-06-07T18:52:15 IST" duration-ms="51717">
      <class name="assignment3.automatetestng">
        <test-method signature="main()[pri:0, instance:assignment3.automatetestng@7e97551f]" started-at="2023-06-07T18:51:23 IST" name="main" finished-at="2023-06-07T18:52:13 IST" duration-ms="49291" status="PASS">
          <reporter-output>
          </reporter-output>
        </test-method> <!-- main -->
      </class> <!-- assignment3.automatetestng -->
    </test> <!-- Default test-4 -->
    <test started-at="2023-06-07T18:51:23 IST" name="Default test-3" finished-at="2023-06-07T18:52:20 IST" duration-ms="56328">
      <class name="assignment3.automatetestng">
        <test-method signature="main()[pri:0, instance:assignment3.automatetestng@40226788]" started-at="2023-06-07T18:51:23 IST" name="main" finished-at="2023-06-07T18:52:16 IST" duration-ms="52719" status="PASS">
          <reporter-output>
          </reporter-output>
        </test-method> <!-- main -->
      </class> <!-- assignment3.automatetestng -->
    </test> <!-- Default test-3 -->
    <test started-at="2023-06-07T18:51:23 IST" name="Default test-10" finished-at="2023-06-07T18:52:23 IST" duration-ms="59300">
      <class name="assignment3.automatetestng">
        <test-method signature="main()[pri:0, instance:assignment3.automatetestng@6d64b553]" started-at="2023-06-07T18:51:23 IST" name="main" finished-at="2023-06-07T18:52:22 IST" duration-ms="59174" status="FAIL">
          <exception class="org.openqa.selenium.ElementClickInterceptedException">
            <message>
              <![CDATA[element click intercepted: Element <input type="submit" name="commit" value="Sign me in" id="user_submit" class="btn btn-primary col-center users-sessions-new" data-disable-with="Signing in..."> is not clickable at point (180, 463). Other element would receive the click: <p class="cookie-notification__text">...</p>
  (Session info: chrome=102.0.5005.125)
Build info: version: '4.9.1', revision: 'eb2032df7f'
System info: os.name: 'Mac OS X', os.arch: 'aarch64', os.version: '12.5', java.version: '17.0.5'
Driver info: org.openqa.selenium.chrome.ChromeDriver
Command: [ac6b03e80d9e3cd11f6ac1063813222c66a3efe6, clickElement {id=ce2de6da-f702-44b0-89ce-253d407cd8b4}]
Capabilities {appActivity: .SBrowserMainActivity, appPackage: com.sec.android.app.sbrowser, chromedriverPort: 18080, databaseEnabled: false, desired: {appActivity: .SBrowserMainActivity, appPackage: com.sec.android.app.sbrowser, chromedriverPort: 18080, goog:chromeOptions: {androidDeviceSocket: Terrace_devtools_remote, androidExecName: Terrace, args: [--remote-allow-origins=*]}, newCommandTimeout: 0, noReset: true, platformName: Android, skipServerInstallation: true, systemPort: 8200, udid: 5200e2b0bc5e55e5}, deviceApiLevel: 25, deviceManufacturer: samsung, deviceModel: SM-A530F, deviceName: 5200e2b0bc5e55e5, deviceScreenDensity: 480, deviceScreenSize: 1080x2220, deviceUDID: 5200e2b0bc5e55e5, goog:chromeOptions: {androidDeviceSocket: Terrace_devtools_remote, androidExecName: Terrace, args: [--remote-allow-origins=*]}, javascriptEnabled: true, locationContextEnabled: false, networkConnectionEnabled: true, newCommandTimeout: 0, noReset: true, pixelRatio: 3, platform: LINUX, platformName: ANDROID, platformVersion: 7.1.1, skipServerInstallation: true, statBarHeight: 72, systemPort: 8200, takesScreenshot: true, udid: 5200e2b0bc5e55e5, viewportRect: {height: 2004, left: 0, top: 72, width: 1080}, warnings: {}, webStorageEnabled: false}
Element: [[ChromeDriver:  on ANDROID (ac6b03e80d9e3cd11f6ac1063813222c66a3efe6)] -> name: commit]
Session ID: ac6b03e80d9e3cd11f6ac1063813222c66a3efe6]]>
            </message>
            <full-stacktrace>
              <![CDATA[org.openqa.selenium.ElementClickInterceptedException: element click intercepted: Element <input type="submit" name="commit" value="Sign me in" id="user_submit" class="btn btn-primary col-center users-sessions-new" data-disable-with="Signing in..."> is not clickable at point (180, 463). Other element would receive the click: <p class="cookie-notification__text">...</p>
  (Session info: chrome=102.0.5005.125)
Build info: version: '4.9.1', revision: 'eb2032df7f'
System info: os.name: 'Mac OS X', os.arch: 'aarch64', os.version: '12.5', java.version: '17.0.5'
Driver info: org.openqa.selenium.chrome.ChromeDriver
Command: [ac6b03e80d9e3cd11f6ac1063813222c66a3efe6, clickElement {id=ce2de6da-f702-44b0-89ce-253d407cd8b4}]
Capabilities {appActivity: .SBrowserMainActivity, appPackage: com.sec.android.app.sbrowser, chromedriverPort: 18080, databaseEnabled: false, desired: {appActivity: .SBrowserMainActivity, appPackage: com.sec.android.app.sbrowser, chromedriverPort: 18080, goog:chromeOptions: {androidDeviceSocket: Terrace_devtools_remote, androidExecName: Terrace, args: [--remote-allow-origins=*]}, newCommandTimeout: 0, noReset: true, platformName: Android, skipServerInstallation: true, systemPort: 8200, udid: 5200e2b0bc5e55e5}, deviceApiLevel: 25, deviceManufacturer: samsung, deviceModel: SM-A530F, deviceName: 5200e2b0bc5e55e5, deviceScreenDensity: 480, deviceScreenSize: 1080x2220, deviceUDID: 5200e2b0bc5e55e5, goog:chromeOptions: {androidDeviceSocket: Terrace_devtools_remote, androidExecName: Terrace, args: [--remote-allow-origins=*]}, javascriptEnabled: true, locationContextEnabled: false, networkConnectionEnabled: true, newCommandTimeout: 0, noReset: true, pixelRatio: 3, platform: LINUX, platformName: ANDROID, platformVersion: 7.1.1, skipServerInstallation: true, statBarHeight: 72, systemPort: 8200, takesScreenshot: true, udid: 5200e2b0bc5e55e5, viewportRect: {height: 2004, left: 0, top: 72, width: 1080}, warnings: {}, webStorageEnabled: false}
Element: [[ChromeDriver:  on ANDROID (ac6b03e80d9e3cd11f6ac1063813222c66a3efe6)] -> name: commit]
Session ID: ac6b03e80d9e3cd11f6ac1063813222c66a3efe6
at java.base/jdk.internal.reflect.NativeConstructorAccessorImpl.newInstance0(Native Method)
at java.base/jdk.internal.reflect.NativeConstructorAccessorImpl.newInstance(NativeConstructorAccessorImpl.java:77)
at java.base/jdk.internal.reflect.DelegatingConstructorAccessorImpl.newInstance(DelegatingConstructorAccessorImpl.java:45)
at java.base/java.lang.reflect.Constructor.newInstanceWithCaller(Constructor.java:499)
at java.base/java.lang.reflect.Constructor.newInstance(Constructor.java:480)
at org.openqa.selenium.remote.codec.w3c.W3CHttpResponseCodec.createException(W3CHttpResponseCodec.java:200)
at org.openqa.selenium.remote.codec.w3c.W3CHttpResponseCodec.decode(W3CHttpResponseCodec.java:133)
at org.openqa.selenium.remote.codec.w3c.W3CHttpResponseCodec.decode(W3CHttpResponseCodec.java:53)
at org.openqa.selenium.remote.HttpCommandExecutor.execute(HttpCommandExecutor.java:193)
at org.openqa.selenium.remote.RemoteWebDriver.execute(RemoteWebDriver.java:543)
at org.openqa.selenium.remote.RemoteWebElement.execute(RemoteWebElement.java:257)
at org.openqa.selenium.remote.RemoteWebElement.click(RemoteWebElement.java:78)
at assignment3.automatetestng.main(automatetestng.java:38)
at java.base/jdk.internal.reflect.NativeMethodAccessorImpl.invoke0(Native Method)
at java.base/jdk.internal.reflect.NativeMethodAccessorImpl.invoke(NativeMethodAccessorImpl.java:77)
at java.base/jdk.internal.reflect.DelegatingMethodAccessorImpl.invoke(DelegatingMethodAccessorImpl.java:43)
at java.base/java.lang.reflect.Method.invoke(Method.java:568)
at org.testng.internal.MethodInvocationHelper.invokeMethod(MethodInvocationHelper.java:133)
at org.testng.internal.TestInvoker.invokeMethod(TestInvoker.java:598)
at org.testng.internal.TestInvoker.invokeTestMethod(TestInvoker.java:173)
at org.testng.internal.MethodRunner.runInSequence(MethodRunner.java:46)
at org.testng.internal.TestInvoker$MethodInvocationAgent.invoke(TestInvoker.java:824)
at org.testng.internal.TestInvoker.invokeTestMethods(TestInvoker.java:146)
at org.testng.internal.TestMethodWorker.invokeTestMethods(TestMethodWorker.java:146)
at org.testng.internal.TestMethodWorker.run(TestMethodWorker.java:128)
at java.base/java.util.ArrayList.forEach(ArrayList.java:1511)
at org.testng.TestRunner.privateRun(TestRunner.java:794)
at org.testng.TestRunner.run(TestRunner.java:596)
at org.testng.SuiteRunner.runTest(SuiteRunner.java:377)
at org.testng.SuiteRunner.access$000(SuiteRunner.java:28)
at org.testng.SuiteRunner$SuiteWorker.run(SuiteRunner.java:418)
at org.testng.internal.thread.ThreadUtil.lambda$execute$0(ThreadUtil.java:64)
at java.base/java.util.concurrent.FutureTask.run(FutureTask.java:264)
at java.base/java.util.concurrent.ThreadPoolExecutor.runWorker(ThreadPoolExecutor.java:1136)
at java.base/java.util.concurrent.ThreadPoolExecutor$Worker.run(ThreadPoolExecutor.java:635)
at java.base/java.lang.Thread.run(Thread.java:833)
]]>
            </full-stacktrace>
          </exception> <!-- org.openqa.selenium.ElementClickInterceptedException -->
          <reporter-output>
          </reporter-output>
        </test-method> <!-- main -->
      </class> <!-- assignment3.automatetestng -->
    </test> <!-- Default test-10 -->
  </suite> <!-- Default suite -->
</testng-results>
